# JRE version: OpenJDK Runtime Environment (8.0_222-b10) (build 1.8.0_222-8u222-b10-1ubuntu1~18.04.1-b10)
# Java VM: OpenJDK 64-Bit Server VM (25.222-b10 mixed mode linux-amd64 compressed oops)
Heap:
 PSYoungGen      total 202240K, used 182592K [0x00000000eb780000, 0x00000000f9000000, 0x0000000100000000)
  eden space 182272K, 100% used [0x00000000eb780000,0x00000000f6980000,0x00000000f6980000)
  from space 19968K, 1% used [0x00000000f6980000,0x00000000f69d0000,0x00000000f7d00000)
  to   space 19456K, 0% used [0x00000000f7d00000,0x00000000f7d30000,0x00000000f9000000)
 ParOldGen       total 399872K, used 339442K [0x00000000c2600000, 0x00000000dac80000, 0x00000000eb780000)
  object space 399872K, 84% used [0x00000000c2600000,0x00000000d717ca60,0x00000000dac80000)
 Metaspace       used 27110K, capacity 27410K, committed 27648K, reserved 1073152K
  class space    used 2997K, capacity 3071K, committed 3072K, reserved 1048576K
GC Heap History (10 events):
Event: 2.510 GC heap after
Heap after GC invocations=7 (full 1):
 PSYoungGen      total 132608K, used 0K [0x00000000eb780000, 0x00000000f4280000, 0x0000000100000000)
  eden space 125952K, 0% used [0x00000000eb780000,0x00000000eb780000,0x00000000f3280000)
  from space 6656K, 0% used [0x00000000f3a00000,0x00000000f3a00000,0x00000000f4080000)
  to   space 7680K, 0% used [0x00000000f3280000,0x00000000f3280000,0x00000000f3a00000)
 ParOldGen       total 33792K, used 6832K [0x00000000c2600000, 0x00000000c4700000, 0x00000000eb780000)
  object space 33792K, 20% used [0x00000000c2600000,0x00000000c2cac380,0x00000000c4700000)
 Metaspace       used 20910K, capacity 21098K, committed 21248K, reserved 1069056K
  class space    used 2372K, capacity 2451K, committed 2560K, reserved 1048576K
}
Event: 4.148 GC heap before
{Heap before GC invocations=8 (full 1):
 PSYoungGen      total 132608K, used 125952K [0x00000000eb780000, 0x00000000f4280000, 0x0000000100000000)
  eden space 125952K, 100% used [0x00000000eb780000,0x00000000f3280000,0x00000000f3280000)
  from space 6656K, 0% used [0x00000000f3a00000,0x00000000f3a00000,0x00000000f4080000)
  to   space 7680K, 0% used [0x00000000f3280000,0x00000000f3280000,0x00000000f3a00000)
 ParOldGen       total 136704K, used 109232K [0x00000000c2600000, 0x00000000cab80000, 0x00000000eb780000)
  object space 136704K, 79% used [0x00000000c2600000,0x00000000c90ac390,0x00000000cab80000)
 Metaspace       used 25859K, capacity 26098K, committed 26368K, reserved 1073152K
  class space    used 2885K, capacity 2975K, committed 3072K, reserved 1048576K
Event: 4.228 GC heap after
Heap after GC invocations=8 (full 1):
 PSYoungGen      total 133632K, used 7664K [0x00000000eb780000, 0x00000000fa280000, 0x0000000100000000)
  eden space 125952K, 0% used [0x00000000eb780000,0x00000000eb780000,0x00000000f3280000)
  from space 7680K, 99% used [0x00000000f3280000,0x00000000f39fc310,0x00000000f3a00000)
  to   space 19968K, 0% used [0x00000000f8f00000,0x00000000f8f00000,0x00000000fa280000)
 ParOldGen       total 136704K, used 131131K [0x00000000c2600000, 0x00000000cab80000, 0x00000000eb780000)
  object space 136704K, 95% used [0x00000000c2600000,0x00000000ca60ed20,0x00000000cab80000)
 Metaspace       used 25859K, capacity 26098K, committed 26368K, reserved 1073152K
  class space    used 2885K, capacity 2975K, committed 3072K, reserved 1048576K
}
Event: 4.228 GC heap before
{Heap before GC invocations=9 (full 2):
 PSYoungGen      total 133632K, used 7664K [0x00000000eb780000, 0x00000000fa280000, 0x0000000100000000)
  eden space 125952K, 0% used [0x00000000eb780000,0x00000000eb780000,0x00000000f3280000)
  from space 7680K, 99% used [0x00000000f3280000,0x00000000f39fc310,0x00000000f3a00000)
  to   space 19968K, 0% used [0x00000000f8f00000,0x00000000f8f00000,0x00000000fa280000)
 ParOldGen       total 136704K, used 131131K [0x00000000c2600000, 0x00000000cab80000, 0x00000000eb780000)
  object space 136704K, 95% used [0x00000000c2600000,0x00000000ca60ed20,0x00000000cab80000)
 Metaspace       used 25859K, capacity 26098K, committed 26368K, reserved 1073152K
  class space    used 2885K, capacity 2975K, committed 3072K, reserved 1048576K
Event: 4.472 GC heap after
Heap after GC invocations=9 (full 2):
 PSYoungGen      total 133632K, used 0K [0x00000000eb780000, 0x00000000fa280000, 0x0000000100000000)
  eden space 125952K, 0% used [0x00000000eb780000,0x00000000eb780000,0x00000000f3280000)
  from space 7680K, 0% used [0x00000000f3280000,0x00000000f3280000,0x00000000f3a00000)
  to   space 19968K, 0% used [0x00000000f8f00000,0x00000000f8f00000,0x00000000fa280000)
 ParOldGen       total 194048K, used 134634K [0x00000000c2600000, 0x00000000ce380000, 0x00000000eb780000)
  object space 194048K, 69% used [0x00000000c2600000,0x00000000ca97aa40,0x00000000ce380000)
 Metaspace       used 25859K, capacity 26098K, committed 26368K, reserved 1073152K
  class space    used 2885K, capacity 2975K, committed 3072K, reserved 1048576K
}
Event: 5.598 GC heap before
{Heap before GC invocations=10 (full 2):
 PSYoungGen      total 133632K, used 125952K [0x00000000eb780000, 0x00000000fa280000, 0x0000000100000000)
  eden space 125952K, 100% used [0x00000000eb780000,0x00000000f3280000,0x00000000f3280000)
  from space 7680K, 0% used [0x00000000f3280000,0x00000000f3280000,0x00000000f3a00000)
  to   space 19968K, 0% used [0x00000000f8f00000,0x00000000f8f00000,0x00000000fa280000)
 ParOldGen       total 296960K, used 237034K [0x00000000c2600000, 0x00000000d4800000, 0x00000000eb780000)
  object space 296960K, 79% used [0x00000000c2600000,0x00000000d0d7aa50,0x00000000d4800000)
 Metaspace       used 27074K, capacity 27282K, committed 27392K, reserved 1073152K
  class space    used 2997K, capacity 3071K, committed 3072K, reserved 1048576K
Event: 5.603 GC heap after
Heap after GC invocations=10 (full 2):
 PSYoungGen      total 161792K, used 1263K [0x00000000eb780000, 0x00000000f9080000, 0x0000000100000000)
  eden space 160256K, 0% used [0x00000000eb780000,0x00000000eb780000,0x00000000f5400000)
  from space 1536K, 82% used [0x00000000f8f00000,0x00000000f903bc90,0x00000000f9080000)
  to   space 19968K, 0% used [0x00000000f6980000,0x00000000f6980000,0x00000000f7d00000)
 ParOldGen       total 296960K, used 237042K [0x00000000c2600000, 0x00000000d4800000, 0x00000000eb780000)
  object space 296960K, 79% used [0x00000000c2600000,0x00000000d0d7ca50,0x00000000d4800000)
 Metaspace       used 27074K, capacity 27282K, committed 27392K, reserved 1073152K
  class space    used 2997K, capacity 3071K, committed 3072K, reserved 1048576K
}
Event: 6.560 GC heap before
{Heap before GC invocations=11 (full 2):
 PSYoungGen      total 161792K, used 161519K [0x00000000eb780000, 0x00000000f9080000, 0x0000000100000000)
  eden space 160256K, 100% used [0x00000000eb780000,0x00000000f5400000,0x00000000f5400000)
  from space 1536K, 82% used [0x00000000f8f00000,0x00000000f903bc90,0x00000000f9080000)
  to   space 19968K, 0% used [0x00000000f6980000,0x00000000f6980000,0x00000000f7d00000)
 ParOldGen       total 399872K, used 339442K [0x00000000c2600000, 0x00000000dac80000, 0x00000000eb780000)
  object space 399872K, 84% used [0x00000000c2600000,0x00000000d717ca60,0x00000000dac80000)
 Metaspace       used 27089K, capacity 27282K, committed 27392K, reserved 1073152K
  class space    used 2997K, capacity 3071K, committed 3072K, reserved 1048576K
Event: 6.567 GC heap after
Heap after GC invocations=11 (full 2):
 PSYoungGen      total 202240K, used 320K [0x00000000eb780000, 0x00000000f9000000, 0x0000000100000000)
  eden space 182272K, 0% used [0x00000000eb780000,0x00000000eb780000,0x00000000f6980000)
  from space 19968K, 1% used [0x00000000f6980000,0x00000000f69d0000,0x00000000f7d00000)
  to   space 19456K, 0% used [0x00000000f7d00000,0x00000000f7d00000,0x00000000f9000000)
 ParOldGen       total 399872K, used 339442K [0x00000000c2600000, 0x00000000dac80000, 0x00000000eb780000)
  object space 399872K, 84% used [0x00000000c2600000,0x00000000d717ca60,0x00000000dac80000)
 Metaspace       used 27089K, capacity 27282K, committed 27392K, reserved 1073152K
  class space    used 2997K, capacity 3071K, committed 3072K, reserved 1048576K
}
Event: 7.033 GC heap before
{Heap before GC invocations=12 (full 2):
 PSYoungGen      total 202240K, used 182592K [0x00000000eb780000, 0x00000000f9000000, 0x0000000100000000)
  eden space 182272K, 100% used [0x00000000eb780000,0x00000000f6980000,0x00000000f6980000)
  from space 19968K, 1% used [0x00000000f6980000,0x00000000f69d0000,0x00000000f7d00000)
  to   space 19456K, 0% used [0x00000000f7d00000,0x00000000f7d00000,0x00000000f9000000)
 ParOldGen       total 399872K, used 339442K [0x00000000c2600000, 0x00000000dac80000, 0x00000000eb780000)
  object space 399872K, 84% used [0x00000000c2600000,0x00000000d717ca60,0x00000000dac80000)
 Metaspace       used 27110K, capacity 27410K, committed 27648K, reserved 1073152K
  class space    used 2997K, capacity 3071K, committed 3072K, reserved 1048576K

