# JRE version: OpenJDK Runtime Environment (8.0_222-b10) (build 1.8.0_222-8u222-b10-1ubuntu1~18.04.1-b10)
# Java VM: OpenJDK 64-Bit Server VM (25.222-b10 mixed mode linux-amd64 compressed oops)
Heap:
 PSYoungGen      total 188416K, used 179317K [0x00000000eb780000, 0x00000000fa080000, 0x0000000100000000)
  eden space 187904K, 95% used [0x00000000eb780000,0x00000000f66856b0,0x00000000f6f00000)
  from space 512K, 18% used [0x00000000f7a00000,0x00000000f7a18000,0x00000000f7a80000)
  to   space 19968K, 0% used [0x00000000f8d00000,0x00000000f8d00000,0x00000000fa080000)
 ParOldGen       total 190976K, used 134555K [0x00000000c2600000, 0x00000000ce080000, 0x00000000eb780000)
  object space 190976K, 70% used [0x00000000c2600000,0x00000000ca966d70,0x00000000ce080000)
 Metaspace       used 27113K, capacity 27346K, committed 27648K, reserved 1073152K
  class space    used 2996K, capacity 3071K, committed 3072K, reserved 1048576K
GC Heap History (10 events):
Event: 2.864 GC heap before
{Heap before GC invocations=7 (full 1):
 PSYoungGen      total 132608K, used 6446K [0x00000000eb780000, 0x00000000f4280000, 0x0000000100000000)
  eden space 125952K, 0% used [0x00000000eb780000,0x00000000eb780000,0x00000000f3280000)
  from space 6656K, 96% used [0x00000000f3a00000,0x00000000f404bb70,0x00000000f4080000)
  to   space 7680K, 0% used [0x00000000f3280000,0x00000000f3280000,0x00000000f3a00000)
 ParOldGen       total 42496K, used 7578K [0x00000000c2600000, 0x00000000c4f80000, 0x00000000eb780000)
  object space 42496K, 17% used [0x00000000c2600000,0x00000000c2d668d8,0x00000000c4f80000)
 Metaspace       used 20929K, capacity 21098K, committed 21248K, reserved 1069056K
  class space    used 2373K, capacity 2451K, committed 2560K, reserved 1048576K
Event: 2.900 GC heap after
Heap after GC invocations=7 (full 1):
 PSYoungGen      total 132608K, used 0K [0x00000000eb780000, 0x00000000f4280000, 0x0000000100000000)
  eden space 125952K, 0% used [0x00000000eb780000,0x00000000eb780000,0x00000000f3280000)
  from space 6656K, 0% used [0x00000000f3a00000,0x00000000f3a00000,0x00000000f4080000)
  to   space 7680K, 0% used [0x00000000f3280000,0x00000000f3280000,0x00000000f3a00000)
 ParOldGen       total 32768K, used 6836K [0x00000000c2600000, 0x00000000c4600000, 0x00000000eb780000)
  object space 32768K, 20% used [0x00000000c2600000,0x00000000c2cad190,0x00000000c4600000)
 Metaspace       used 20929K, capacity 21098K, committed 21248K, reserved 1069056K
  class space    used 2373K, capacity 2451K, committed 2560K, reserved 1048576K
}
Event: 4.389 GC heap before
{Heap before GC invocations=8 (full 1):
 PSYoungGen      total 132608K, used 125952K [0x00000000eb780000, 0x00000000f4280000, 0x0000000100000000)
  eden space 125952K, 100% used [0x00000000eb780000,0x00000000f3280000,0x00000000f3280000)
  from space 6656K, 0% used [0x00000000f3a00000,0x00000000f3a00000,0x00000000f4080000)
  to   space 7680K, 0% used [0x00000000f3280000,0x00000000f3280000,0x00000000f3a00000)
 ParOldGen       total 135680K, used 109236K [0x00000000c2600000, 0x00000000caa80000, 0x00000000eb780000)
  object space 135680K, 80% used [0x00000000c2600000,0x00000000c90ad1a0,0x00000000caa80000)
 Metaspace       used 25886K, capacity 26162K, committed 26368K, reserved 1073152K
  class space    used 2888K, capacity 2975K, committed 3072K, reserved 1048576K
Event: 4.492 GC heap after
Heap after GC invocations=8 (full 1):
 PSYoungGen      total 133632K, used 7664K [0x00000000eb780000, 0x00000000fb380000, 0x0000000100000000)
  eden space 125952K, 0% used [0x00000000eb780000,0x00000000eb780000,0x00000000f3280000)
  from space 7680K, 99% used [0x00000000f3280000,0x00000000f39fc310,0x00000000f3a00000)
  to   space 19968K, 0% used [0x00000000fa000000,0x00000000fa000000,0x00000000fb380000)
 ParOldGen       total 135680K, used 131034K [0x00000000c2600000, 0x00000000caa80000, 0x00000000eb780000)
  object space 135680K, 96% used [0x00000000c2600000,0x00000000ca5f6bd8,0x00000000caa80000)
 Metaspace       used 25886K, capacity 26162K, committed 26368K, reserved 1073152K
  class space    used 2888K, capacity 2975K, committed 3072K, reserved 1048576K
}
Event: 4.492 GC heap before
{Heap before GC invocations=9 (full 2):
 PSYoungGen      total 133632K, used 7664K [0x00000000eb780000, 0x00000000fb380000, 0x0000000100000000)
  eden space 125952K, 0% used [0x00000000eb780000,0x00000000eb780000,0x00000000f3280000)
  from space 7680K, 99% used [0x00000000f3280000,0x00000000f39fc310,0x00000000f3a00000)
  to   space 19968K, 0% used [0x00000000fa000000,0x00000000fa000000,0x00000000fb380000)
 ParOldGen       total 135680K, used 131034K [0x00000000c2600000, 0x00000000caa80000, 0x00000000eb780000)
  object space 135680K, 96% used [0x00000000c2600000,0x00000000ca5f6bd8,0x00000000caa80000)
 Metaspace       used 25886K, capacity 26162K, committed 26368K, reserved 1073152K
  class space    used 2888K, capacity 2975K, committed 3072K, reserved 1048576K
Event: 4.708 GC heap after
Heap after GC invocations=9 (full 2):
 PSYoungGen      total 133632K, used 0K [0x00000000eb780000, 0x00000000fb380000, 0x0000000100000000)
  eden space 125952K, 0% used [0x00000000eb780000,0x00000000eb780000,0x00000000f3280000)
  from space 7680K, 0% used [0x00000000f3280000,0x00000000f3280000,0x00000000f3a00000)
  to   space 19968K, 0% used [0x00000000fa000000,0x00000000fa000000,0x00000000fb380000)
 ParOldGen       total 190976K, used 134555K [0x00000000c2600000, 0x00000000ce080000, 0x00000000eb780000)
  object space 190976K, 70% used [0x00000000c2600000,0x00000000ca966d70,0x00000000ce080000)
 Metaspace       used 25886K, capacity 26162K, committed 26368K, reserved 1073152K
  class space    used 2888K, capacity 2975K, committed 3072K, reserved 1048576K
}
Event: 5.026 GC heap before
{Heap before GC invocations=10 (full 2):
 PSYoungGen      total 133632K, used 125952K [0x00000000eb780000, 0x00000000fb380000, 0x0000000100000000)
  eden space 125952K, 100% used [0x00000000eb780000,0x00000000f3280000,0x00000000f3280000)
  from space 7680K, 0% used [0x00000000f3280000,0x00000000f3280000,0x00000000f3a00000)
  to   space 19968K, 0% used [0x00000000fa000000,0x00000000fa000000,0x00000000fb380000)
 ParOldGen       total 190976K, used 134555K [0x00000000c2600000, 0x00000000ce080000, 0x00000000eb780000)
  object space 190976K, 70% used [0x00000000c2600000,0x00000000ca966d70,0x00000000ce080000)
 Metaspace       used 26712K, capacity 26994K, committed 27136K, reserved 1073152K
  class space    used 2954K, capacity 3039K, committed 3072K, reserved 1048576K
Event: 5.029 GC heap after
Heap after GC invocations=10 (full 2):
 PSYoungGen      total 163328K, used 875K [0x00000000eb780000, 0x00000000fa100000, 0x0000000100000000)
  eden space 162304K, 0% used [0x00000000eb780000,0x00000000eb780000,0x00000000f5600000)
  from space 1024K, 85% used [0x00000000fa000000,0x00000000fa0dadd0,0x00000000fa100000)
  to   space 19968K, 0% used [0x00000000f7a00000,0x00000000f7a00000,0x00000000f8d80000)
 ParOldGen       total 190976K, used 134555K [0x00000000c2600000, 0x00000000ce080000, 0x00000000eb780000)
  object space 190976K, 70% used [0x00000000c2600000,0x00000000ca966d70,0x00000000ce080000)
 Metaspace       used 26712K, capacity 26994K, committed 27136K, reserved 1073152K
  class space    used 2954K, capacity 3039K, committed 3072K, reserved 1048576K
}
Event: 5.212 GC heap before
{Heap before GC invocations=11 (full 2):
 PSYoungGen      total 163328K, used 163179K [0x00000000eb780000, 0x00000000fa100000, 0x0000000100000000)
  eden space 162304K, 100% used [0x00000000eb780000,0x00000000f5600000,0x00000000f5600000)
  from space 1024K, 85% used [0x00000000fa000000,0x00000000fa0dadd0,0x00000000fa100000)
  to   space 19968K, 0% used [0x00000000f7a00000,0x00000000f7a00000,0x00000000f8d80000)
 ParOldGen       total 190976K, used 134555K [0x00000000c2600000, 0x00000000ce080000, 0x00000000eb780000)
  object space 190976K, 70% used [0x00000000c2600000,0x00000000ca966d70,0x00000000ce080000)
 Metaspace       used 26733K, capacity 26994K, committed 27136K, reserved 1073152K
  class space    used 2954K, capacity 3039K, committed 3072K, reserved 1048576K
Event: 5.215 GC heap after
Heap after GC invocations=11 (full 2):
 PSYoungGen      total 188416K, used 96K [0x00000000eb780000, 0x00000000fa080000, 0x0000000100000000)
  eden space 187904K, 0% used [0x00000000eb780000,0x00000000eb780000,0x00000000f6f00000)
  from space 512K, 18% used [0x00000000f7a00000,0x00000000f7a18000,0x00000000f7a80000)
  to   space 19968K, 0% used [0x00000000f8d00000,0x00000000f8d00000,0x00000000fa080000)
 ParOldGen       total 190976K, used 134555K [0x00000000c2600000, 0x00000000ce080000, 0x00000000eb780000)
  object space 190976K, 70% used [0x00000000c2600000,0x00000000ca966d70,0x00000000ce080000)
 Metaspace       used 26733K, capacity 26994K, committed 27136K, reserved 1073152K
  class space    used 2954K, capacity 3039K, committed 3072K, reserved 1048576K
}

