# JRE version: OpenJDK Runtime Environment (8.0_222-b10) (build 1.8.0_222-8u222-b10-1ubuntu1~18.04.1-b10)
# Java VM: OpenJDK 64-Bit Server VM (25.222-b10 mixed mode linux-amd64 compressed oops)
Heap:
 PSYoungGen      total 157696K, used 121648K [0x00000000eb780000, 0x00000000f9f00000, 0x0000000100000000)
  eden space 156160K, 77% used [0x00000000eb780000,0x00000000f2d04a80,0x00000000f5000000)
  from space 1536K, 85% used [0x00000000f9d80000,0x00000000f9ec7878,0x00000000f9f00000)
  to   space 19968K, 0% used [0x00000000f7800000,0x00000000f7800000,0x00000000f8b80000)
 ParOldGen       total 500224K, used 441388K [0x00000000c2600000, 0x00000000e0e80000, 0x00000000eb780000)
  object space 500224K, 88% used [0x00000000c2600000,0x00000000dd50b0e0,0x00000000e0e80000)
 Metaspace       used 26768K, capacity 27080K, committed 27392K, reserved 1073152K
  class space    used 2962K, capacity 3042K, committed 3072K, reserved 1048576K
GC Heap History (10 events):
Event: 2.212 GC heap before
{Heap before GC invocations=6 (full 0):
 PSYoungGen      total 66048K, used 54574K [0x00000000eb780000, 0x00000000f4080000, 0x0000000100000000)
  eden space 63488K, 81% used [0x00000000eb780000,0x00000000eea4f388,0x00000000ef580000)
  from space 2560K, 99% used [0x00000000ef580000,0x00000000ef7fc830,0x00000000ef800000)
  to   space 6656K, 0% used [0x00000000f3a00000,0x00000000f3a00000,0x00000000f4080000)
 ParOldGen       total 42496K, used 7404K [0x00000000c2600000, 0x00000000c4f80000, 0x00000000eb780000)
  object space 42496K, 17% used [0x00000000c2600000,0x00000000c2d3b340,0x00000000c4f80000)
 Metaspace       used 20866K, capacity 21038K, committed 21248K, reserved 1069056K
  class space    used 2367K, capacity 2451K, committed 2560K, reserved 1048576K
Event: 2.222 GC heap after
Heap after GC invocations=6 (full 0):
 PSYoungGen      total 132608K, used 6439K [0x00000000eb780000, 0x00000000f4280000, 0x0000000100000000)
  eden space 125952K, 0% used [0x00000000eb780000,0x00000000eb780000,0x00000000f3280000)
  from space 6656K, 96% used [0x00000000f3a00000,0x00000000f4049f70,0x00000000f4080000)
  to   space 7680K, 0% used [0x00000000f3280000,0x00000000f3280000,0x00000000f3a00000)
 ParOldGen       total 42496K, used 7412K [0x00000000c2600000, 0x00000000c4f80000, 0x00000000eb780000)
  object space 42496K, 17% used [0x00000000c2600000,0x00000000c2d3d340,0x00000000c4f80000)
 Metaspace       used 20866K, capacity 21038K, committed 21248K, reserved 1069056K
  class space    used 2367K, capacity 2451K, committed 2560K, reserved 1048576K
}
Event: 2.223 GC heap before
{Heap before GC invocations=7 (full 1):
 PSYoungGen      total 132608K, used 6439K [0x00000000eb780000, 0x00000000f4280000, 0x0000000100000000)
  eden space 125952K, 0% used [0x00000000eb780000,0x00000000eb780000,0x00000000f3280000)
  from space 6656K, 96% used [0x00000000f3a00000,0x00000000f4049f70,0x00000000f4080000)
  to   space 7680K, 0% used [0x00000000f3280000,0x00000000f3280000,0x00000000f3a00000)
 ParOldGen       total 42496K, used 7412K [0x00000000c2600000, 0x00000000c4f80000, 0x00000000eb780000)
  object space 42496K, 17% used [0x00000000c2600000,0x00000000c2d3d340,0x00000000c4f80000)
 Metaspace       used 20866K, capacity 21038K, committed 21248K, reserved 1069056K
  class space    used 2367K, capacity 2451K, committed 2560K, reserved 1048576K
Event: 2.261 GC heap after
Heap after GC invocations=7 (full 1):
 PSYoungGen      total 132608K, used 0K [0x00000000eb780000, 0x00000000f4280000, 0x0000000100000000)
  eden space 125952K, 0% used [0x00000000eb780000,0x00000000eb780000,0x00000000f3280000)
  from space 6656K, 0% used [0x00000000f3a00000,0x00000000f3a00000,0x00000000f4080000)
  to   space 7680K, 0% used [0x00000000f3280000,0x00000000f3280000,0x00000000f3a00000)
 ParOldGen       total 32256K, used 6710K [0x00000000c2600000, 0x00000000c4580000, 0x00000000eb780000)
  object space 32256K, 20% used [0x00000000c2600000,0x00000000c2c8db20,0x00000000c4580000)
 Metaspace       used 20866K, capacity 21038K, committed 21248K, reserved 1069056K
  class space    used 2367K, capacity 2451K, committed 2560K, reserved 1048576K
}
Event: 3.290 GC heap before
{Heap before GC invocations=8 (full 1):
 PSYoungGen      total 132608K, used 125952K [0x00000000eb780000, 0x00000000f4280000, 0x0000000100000000)
  eden space 125952K, 100% used [0x00000000eb780000,0x00000000f3280000,0x00000000f3280000)
  from space 6656K, 0% used [0x00000000f3a00000,0x00000000f3a00000,0x00000000f4080000)
  to   space 7680K, 0% used [0x00000000f3280000,0x00000000f3280000,0x00000000f3a00000)
 ParOldGen       total 135168K, used 109110K [0x00000000c2600000, 0x00000000caa00000, 0x00000000eb780000)
  object space 135168K, 80% used [0x00000000c2600000,0x00000000c908db30,0x00000000caa00000)
 Metaspace       used 25537K, capacity 25814K, committed 25984K, reserved 1073152K
  class space    used 2851K, capacity 2943K, committed 2944K, reserved 1048576K
Event: 3.374 GC heap after
Heap after GC invocations=8 (full 1):
 PSYoungGen      total 133632K, used 7648K [0x00000000eb780000, 0x00000000fb100000, 0x0000000100000000)
  eden space 125952K, 0% used [0x00000000eb780000,0x00000000eb780000,0x00000000f3280000)
  from space 7680K, 99% used [0x00000000f3280000,0x00000000f39f83c0,0x00000000f3a00000)
  to   space 19968K, 0% used [0x00000000f9d80000,0x00000000f9d80000,0x00000000fb100000)
 ParOldGen       total 135168K, used 131026K [0x00000000c2600000, 0x00000000caa00000, 0x00000000eb780000)
  object space 135168K, 96% used [0x00000000c2600000,0x00000000ca5f4980,0x00000000caa00000)
 Metaspace       used 25537K, capacity 25814K, committed 25984K, reserved 1073152K
  class space    used 2851K, capacity 2943K, committed 2944K, reserved 1048576K
}
Event: 3.374 GC heap before
{Heap before GC invocations=9 (full 2):
 PSYoungGen      total 133632K, used 7648K [0x00000000eb780000, 0x00000000fb100000, 0x0000000100000000)
  eden space 125952K, 0% used [0x00000000eb780000,0x00000000eb780000,0x00000000f3280000)
  from space 7680K, 99% used [0x00000000f3280000,0x00000000f39f83c0,0x00000000f3a00000)
  to   space 19968K, 0% used [0x00000000f9d80000,0x00000000f9d80000,0x00000000fb100000)
 ParOldGen       total 135168K, used 131026K [0x00000000c2600000, 0x00000000caa00000, 0x00000000eb780000)
  object space 135168K, 96% used [0x00000000c2600000,0x00000000ca5f4980,0x00000000caa00000)
 Metaspace       used 25537K, capacity 25814K, committed 25984K, reserved 1073152K
  class space    used 2851K, capacity 2943K, committed 2944K, reserved 1048576K
Event: 3.636 GC heap after
Heap after GC invocations=9 (full 2):
 PSYoungGen      total 133632K, used 0K [0x00000000eb780000, 0x00000000fb100000, 0x0000000100000000)
  eden space 125952K, 0% used [0x00000000eb780000,0x00000000eb780000,0x00000000f3280000)
  from space 7680K, 0% used [0x00000000f3280000,0x00000000f3280000,0x00000000f3a00000)
  to   space 19968K, 0% used [0x00000000f9d80000,0x00000000f9d80000,0x00000000fb100000)
 ParOldGen       total 191488K, used 134188K [0x00000000c2600000, 0x00000000ce100000, 0x00000000eb780000)
  object space 191488K, 70% used [0x00000000c2600000,0x00000000ca90b0b0,0x00000000ce100000)
 Metaspace       used 25537K, capacity 25814K, committed 25984K, reserved 1073152K
  class space    used 2851K, capacity 2943K, committed 2944K, reserved 1048576K
}
Event: 4.095 GC heap before
{Heap before GC invocations=10 (full 2):
 PSYoungGen      total 133632K, used 125952K [0x00000000eb780000, 0x00000000fb100000, 0x0000000100000000)
  eden space 125952K, 100% used [0x00000000eb780000,0x00000000f3280000,0x00000000f3280000)
  from space 7680K, 0% used [0x00000000f3280000,0x00000000f3280000,0x00000000f3a00000)
  to   space 19968K, 0% used [0x00000000f9d80000,0x00000000f9d80000,0x00000000fb100000)
 ParOldGen       total 294400K, used 236588K [0x00000000c2600000, 0x00000000d4580000, 0x00000000eb780000)
  object space 294400K, 80% used [0x00000000c2600000,0x00000000d0d0b0c0,0x00000000d4580000)
 Metaspace       used 26716K, capacity 26998K, committed 27392K, reserved 1073152K
  class space    used 2960K, capacity 3039K, committed 3072K, reserved 1048576K
Event: 4.099 GC heap after
Heap after GC invocations=10 (full 2):
 PSYoungGen      total 157696K, used 1310K [0x00000000eb780000, 0x00000000f9f00000, 0x0000000100000000)
  eden space 156160K, 0% used [0x00000000eb780000,0x00000000eb780000,0x00000000f5000000)
  from space 1536K, 85% used [0x00000000f9d80000,0x00000000f9ec7878,0x00000000f9f00000)
  to   space 19968K, 0% used [0x00000000f7800000,0x00000000f7800000,0x00000000f8b80000)
 ParOldGen       total 294400K, used 236588K [0x00000000c2600000, 0x00000000d4580000, 0x00000000eb780000)
  object space 294400K, 80% used [0x00000000c2600000,0x00000000d0d0b0c0,0x00000000d4580000)
 Metaspace       used 26716K, capacity 26998K, committed 27392K, reserved 1073152K
  class space    used 2960K, capacity 3039K, committed 3072K, reserved 1048576K
}

