# JRE version: OpenJDK Runtime Environment (8.0_222-b10) (build 1.8.0_222-8u222-b10-1ubuntu1~18.04.1-b10)
# Java VM: OpenJDK 64-Bit Server VM (25.222-b10 mixed mode linux-amd64 compressed oops)
Heap:
 PSYoungGen      total 162816K, used 115917K [0x00000000eb780000, 0x00000000fa800000, 0x0000000100000000)
  eden space 160768K, 71% used [0x00000000eb780000,0x00000000f2705ef0,0x00000000f5480000)
  from space 2048K, 83% used [0x00000000fa600000,0x00000000fa7ad7d8,0x00000000fa800000)
  to   space 19456K, 0% used [0x00000000f8200000,0x00000000f8200000,0x00000000f9500000)
 ParOldGen       total 394752K, used 338691K [0x00000000c2600000, 0x00000000da780000, 0x00000000eb780000)
  object space 394752K, 85% used [0x00000000c2600000,0x00000000d70c0cd0,0x00000000da780000)
 Metaspace       used 26742K, capacity 27012K, committed 27392K, reserved 1073152K
  class space    used 2959K, capacity 3042K, committed 3072K, reserved 1048576K
GC Heap History (10 events):
Event: 2.672 GC heap before
{Heap before GC invocations=6 (full 0):
 PSYoungGen      total 66048K, used 54342K [0x00000000eb780000, 0x00000000f4080000, 0x0000000100000000)
  eden space 63488K, 81% used [0x00000000eb780000,0x00000000eea191e8,0x00000000ef580000)
  from space 2560K, 98% used [0x00000000ef580000,0x00000000ef7f8860,0x00000000ef800000)
  to   space 6656K, 0% used [0x00000000f3a00000,0x00000000f3a00000,0x00000000f4080000)
 ParOldGen       total 42496K, used 7586K [0x00000000c2600000, 0x00000000c4f80000, 0x00000000eb780000)
  object space 42496K, 17% used [0x00000000c2600000,0x00000000c2d68b68,0x00000000c4f80000)
 Metaspace       used 20904K, capacity 21098K, committed 21248K, reserved 1069056K
  class space    used 2371K, capacity 2451K, committed 2560K, reserved 1048576K
Event: 2.685 GC heap after
Heap after GC invocations=6 (full 0):
 PSYoungGen      total 132608K, used 6416K [0x00000000eb780000, 0x00000000f4280000, 0x0000000100000000)
  eden space 125952K, 0% used [0x00000000eb780000,0x00000000eb780000,0x00000000f3280000)
  from space 6656K, 96% used [0x00000000f3a00000,0x00000000f4044130,0x00000000f4080000)
  to   space 7680K, 0% used [0x00000000f3280000,0x00000000f3280000,0x00000000f3a00000)
 ParOldGen       total 42496K, used 7594K [0x00000000c2600000, 0x00000000c4f80000, 0x00000000eb780000)
  object space 42496K, 17% used [0x00000000c2600000,0x00000000c2d6ab68,0x00000000c4f80000)
 Metaspace       used 20904K, capacity 21098K, committed 21248K, reserved 1069056K
  class space    used 2371K, capacity 2451K, committed 2560K, reserved 1048576K
}
Event: 2.685 GC heap before
{Heap before GC invocations=7 (full 1):
 PSYoungGen      total 132608K, used 6416K [0x00000000eb780000, 0x00000000f4280000, 0x0000000100000000)
  eden space 125952K, 0% used [0x00000000eb780000,0x00000000eb780000,0x00000000f3280000)
  from space 6656K, 96% used [0x00000000f3a00000,0x00000000f4044130,0x00000000f4080000)
  to   space 7680K, 0% used [0x00000000f3280000,0x00000000f3280000,0x00000000f3a00000)
 ParOldGen       total 42496K, used 7594K [0x00000000c2600000, 0x00000000c4f80000, 0x00000000eb780000)
  object space 42496K, 17% used [0x00000000c2600000,0x00000000c2d6ab68,0x00000000c4f80000)
 Metaspace       used 20904K, capacity 21098K, committed 21248K, reserved 1069056K
  class space    used 2371K, capacity 2451K, committed 2560K, reserved 1048576K
Event: 2.716 GC heap after
Heap after GC invocations=7 (full 1):
 PSYoungGen      total 132608K, used 0K [0x00000000eb780000, 0x00000000f4280000, 0x0000000100000000)
  eden space 125952K, 0% used [0x00000000eb780000,0x00000000eb780000,0x00000000f3280000)
  from space 6656K, 0% used [0x00000000f3a00000,0x00000000f3a00000,0x00000000f4080000)
  to   space 7680K, 0% used [0x00000000f3280000,0x00000000f3280000,0x00000000f3a00000)
 ParOldGen       total 31232K, used 6826K [0x00000000c2600000, 0x00000000c4480000, 0x00000000eb780000)
  object space 31232K, 21% used [0x00000000c2600000,0x00000000c2caa8d0,0x00000000c4480000)
 Metaspace       used 20904K, capacity 21098K, committed 21248K, reserved 1069056K
  class space    used 2371K, capacity 2451K, committed 2560K, reserved 1048576K
}
Event: 3.799 GC heap before
{Heap before GC invocations=8 (full 1):
 PSYoungGen      total 132608K, used 125952K [0x00000000eb780000, 0x00000000f4280000, 0x0000000100000000)
  eden space 125952K, 100% used [0x00000000eb780000,0x00000000f3280000,0x00000000f3280000)
  from space 6656K, 0% used [0x00000000f3a00000,0x00000000f3a00000,0x00000000f4080000)
  to   space 7680K, 0% used [0x00000000f3280000,0x00000000f3280000,0x00000000f3a00000)
 ParOldGen       total 134144K, used 109226K [0x00000000c2600000, 0x00000000ca900000, 0x00000000eb780000)
  object space 134144K, 81% used [0x00000000c2600000,0x00000000c90aa8e0,0x00000000ca900000)
 Metaspace       used 25679K, capacity 25938K, committed 26240K, reserved 1073152K
  class space    used 2864K, capacity 2943K, committed 2944K, reserved 1048576K
Event: 3.866 GC heap after
Heap after GC invocations=8 (full 1):
 PSYoungGen      total 133632K, used 7648K [0x00000000eb780000, 0x00000000fb980000, 0x0000000100000000)
  eden space 125952K, 0% used [0x00000000eb780000,0x00000000eb780000,0x00000000f3280000)
  from space 7680K, 99% used [0x00000000f3280000,0x00000000f39f83e0,0x00000000f3a00000)
  to   space 19968K, 0% used [0x00000000fa600000,0x00000000fa600000,0x00000000fb980000)
 ParOldGen       total 134144K, used 130918K [0x00000000c2600000, 0x00000000ca900000, 0x00000000eb780000)
  object space 134144K, 97% used [0x00000000c2600000,0x00000000ca5d9a98,0x00000000ca900000)
 Metaspace       used 25679K, capacity 25938K, committed 26240K, reserved 1073152K
  class space    used 2864K, capacity 2943K, committed 2944K, reserved 1048576K
}
Event: 3.866 GC heap before
{Heap before GC invocations=9 (full 2):
 PSYoungGen      total 133632K, used 7648K [0x00000000eb780000, 0x00000000fb980000, 0x0000000100000000)
  eden space 125952K, 0% used [0x00000000eb780000,0x00000000eb780000,0x00000000f3280000)
  from space 7680K, 99% used [0x00000000f3280000,0x00000000f39f83e0,0x00000000f3a00000)
  to   space 19968K, 0% used [0x00000000fa600000,0x00000000fa600000,0x00000000fb980000)
 ParOldGen       total 134144K, used 130918K [0x00000000c2600000, 0x00000000ca900000, 0x00000000eb780000)
  object space 134144K, 97% used [0x00000000c2600000,0x00000000ca5d9a98,0x00000000ca900000)
 Metaspace       used 25679K, capacity 25938K, committed 26240K, reserved 1073152K
  class space    used 2864K, capacity 2943K, committed 2944K, reserved 1048576K
Event: 4.122 GC heap after
Heap after GC invocations=9 (full 2):
 PSYoungGen      total 133632K, used 456K [0x00000000eb780000, 0x00000000fb980000, 0x0000000100000000)
  eden space 125952K, 0% used [0x00000000eb780000,0x00000000eb780000,0x00000000f3280000)
  from space 7680K, 5% used [0x00000000f3280000,0x00000000f32f2110,0x00000000f3a00000)
  to   space 19968K, 0% used [0x00000000fa600000,0x00000000fa600000,0x00000000fb980000)
 ParOldGen       total 188928K, used 133891K [0x00000000c2600000, 0x00000000cde80000, 0x00000000eb780000)
  object space 188928K, 70% used [0x00000000c2600000,0x00000000ca8c0cb0,0x00000000cde80000)
 Metaspace       used 25679K, capacity 25938K, committed 26240K, reserved 1073152K
  class space    used 2864K, capacity 2943K, committed 2944K, reserved 1048576K
}
Event: 4.465 GC heap before
{Heap before GC invocations=10 (full 2):
 PSYoungGen      total 133632K, used 126408K [0x00000000eb780000, 0x00000000fb980000, 0x0000000100000000)
  eden space 125952K, 100% used [0x00000000eb780000,0x00000000f3280000,0x00000000f3280000)
  from space 7680K, 5% used [0x00000000f3280000,0x00000000f32f2110,0x00000000f3a00000)
  to   space 19968K, 0% used [0x00000000fa600000,0x00000000fa600000,0x00000000fb980000)
 ParOldGen       total 291840K, used 236291K [0x00000000c2600000, 0x00000000d4300000, 0x00000000eb780000)
  object space 291840K, 80% used [0x00000000c2600000,0x00000000d0cc0cc0,0x00000000d4300000)
 Metaspace       used 26700K, capacity 26930K, committed 27136K, reserved 1073152K
  class space    used 2957K, capacity 3039K, committed 3072K, reserved 1048576K
Event: 4.481 GC heap after
Heap after GC invocations=10 (full 2):
 PSYoungGen      total 162816K, used 1717K [0x00000000eb780000, 0x00000000fa800000, 0x0000000100000000)
  eden space 160768K, 0% used [0x00000000eb780000,0x00000000eb780000,0x00000000f5480000)
  from space 2048K, 83% used [0x00000000fa600000,0x00000000fa7ad7d8,0x00000000fa800000)
  to   space 19456K, 0% used [0x00000000f8200000,0x00000000f8200000,0x00000000f9500000)
 ParOldGen       total 291840K, used 236291K [0x00000000c2600000, 0x00000000d4300000, 0x00000000eb780000)
  object space 291840K, 80% used [0x00000000c2600000,0x00000000d0cc0cc0,0x00000000d4300000)
 Metaspace       used 26700K, capacity 26930K, committed 27136K, reserved 1073152K
  class space    used 2957K, capacity 3039K, committed 3072K, reserved 1048576K
}

