# JRE version: OpenJDK Runtime Environment (8.0_222-b10) (build 1.8.0_222-8u222-b10-1ubuntu1~18.04.1-b10)
# Java VM: OpenJDK 64-Bit Server VM (25.222-b10 mixed mode linux-amd64 compressed oops)
Heap:
 PSYoungGen      total 132608K, used 120183K [0x00000000eb780000, 0x00000000f3f80000, 0x0000000100000000)
  eden space 125952K, 95% used [0x00000000eb780000,0x00000000f2cddcb8,0x00000000f3280000)
  from space 6656K, 0% used [0x00000000f3900000,0x00000000f3900000,0x00000000f3f80000)
  to   space 6656K, 0% used [0x00000000f3280000,0x00000000f3280000,0x00000000f3900000)
 ParOldGen       total 28160K, used 5340K [0x00000000c2600000, 0x00000000c4180000, 0x00000000eb780000)
  object space 28160K, 18% used [0x00000000c2600000,0x00000000c2b37358,0x00000000c4180000)
 Metaspace       used 25431K, capacity 25650K, committed 25984K, reserved 1073152K
  class space    used 2828K, capacity 2911K, committed 2944K, reserved 1048576K
GC Heap History (10 events):
Event: 1.838 GC heap before
{Heap before GC invocations=5 (full 0):
 PSYoungGen      total 34304K, used 34298K [0x00000000eb780000, 0x00000000edb80000, 0x0000000100000000)
  eden space 31744K, 100% used [0x00000000eb780000,0x00000000ed680000,0x00000000ed680000)
  from space 2560K, 99% used [0x00000000ed900000,0x00000000edb7ea58,0x00000000edb80000)
  to   space 2560K, 0% used [0x00000000ed680000,0x00000000ed680000,0x00000000ed900000)
 ParOldGen       total 42496K, used 1706K [0x00000000c2600000, 0x00000000c4f80000, 0x00000000eb780000)
  object space 42496K, 4% used [0x00000000c2600000,0x00000000c27aa8e8,0x00000000c4f80000)
 Metaspace       used 12339K, capacity 12548K, committed 12800K, reserved 1060864K
  class space    used 1341K, capacity 1412K, committed 1536K, reserved 1048576K
Event: 1.846 GC heap after
Heap after GC invocations=5 (full 0):
 PSYoungGen      total 34304K, used 2546K [0x00000000eb780000, 0x00000000efe80000, 0x0000000100000000)
  eden space 31744K, 0% used [0x00000000eb780000,0x00000000eb780000,0x00000000ed680000)
  from space 2560K, 99% used [0x00000000ed680000,0x00000000ed8fc830,0x00000000ed900000)
  to   space 4608K, 0% used [0x00000000efa00000,0x00000000efa00000,0x00000000efe80000)
 ParOldGen       total 42496K, used 3863K [0x00000000c2600000, 0x00000000c4f80000, 0x00000000eb780000)
  object space 42496K, 9% used [0x00000000c2600000,0x00000000c29c5dd0,0x00000000c4f80000)
 Metaspace       used 12339K, capacity 12548K, committed 12800K, reserved 1060864K
  class space    used 1341K, capacity 1412K, committed 1536K, reserved 1048576K
}
Event: 1.988 GC heap before
{Heap before GC invocations=6 (full 0):
 PSYoungGen      total 34304K, used 34290K [0x00000000eb780000, 0x00000000efe80000, 0x0000000100000000)
  eden space 31744K, 100% used [0x00000000eb780000,0x00000000ed680000,0x00000000ed680000)
  from space 2560K, 99% used [0x00000000ed680000,0x00000000ed8fc830,0x00000000ed900000)
  to   space 4608K, 0% used [0x00000000efa00000,0x00000000efa00000,0x00000000efe80000)
 ParOldGen       total 42496K, used 3863K [0x00000000c2600000, 0x00000000c4f80000, 0x00000000eb780000)
  object space 42496K, 9% used [0x00000000c2600000,0x00000000c29c5dd0,0x00000000c4f80000)
 Metaspace       used 14150K, capacity 14308K, committed 14464K, reserved 1062912K
  class space    used 1520K, capacity 1572K, committed 1664K, reserved 1048576K
Event: 1.996 GC heap after
Heap after GC invocations=6 (full 0):
 PSYoungGen      total 67584K, used 4597K [0x00000000eb780000, 0x00000000eff80000, 0x0000000100000000)
  eden space 62976K, 0% used [0x00000000eb780000,0x00000000eb780000,0x00000000ef500000)
  from space 4608K, 99% used [0x00000000efa00000,0x00000000efe7d4c0,0x00000000efe80000)
  to   space 5120K, 0% used [0x00000000ef500000,0x00000000ef500000,0x00000000efa00000)
 ParOldGen       total 42496K, used 3959K [0x00000000c2600000, 0x00000000c4f80000, 0x00000000eb780000)
  object space 42496K, 9% used [0x00000000c2600000,0x00000000c29ddf08,0x00000000c4f80000)
 Metaspace       used 14150K, capacity 14308K, committed 14464K, reserved 1062912K
  class space    used 1520K, capacity 1572K, committed 1664K, reserved 1048576K
}
Event: 2.548 GC heap before
{Heap before GC invocations=7 (full 0):
 PSYoungGen      total 67584K, used 67573K [0x00000000eb780000, 0x00000000eff80000, 0x0000000100000000)
  eden space 62976K, 100% used [0x00000000eb780000,0x00000000ef500000,0x00000000ef500000)
  from space 4608K, 99% used [0x00000000efa00000,0x00000000efe7d4c0,0x00000000efe80000)
  to   space 5120K, 0% used [0x00000000ef500000,0x00000000ef500000,0x00000000efa00000)
 ParOldGen       total 42496K, used 3959K [0x00000000c2600000, 0x00000000c4f80000, 0x00000000eb780000)
  object space 42496K, 9% used [0x00000000c2600000,0x00000000c29ddf08,0x00000000c4f80000)
 Metaspace       used 19124K, capacity 19348K, committed 19456K, reserved 1067008K
  class space    used 2168K, capacity 2250K, committed 2304K, reserved 1048576K
Event: 2.567 GC heap after
Heap after GC invocations=7 (full 0):
 PSYoungGen      total 68096K, used 5100K [0x00000000eb780000, 0x00000000f3f80000, 0x0000000100000000)
  eden space 62976K, 0% used [0x00000000eb780000,0x00000000eb780000,0x00000000ef500000)
  from space 5120K, 99% used [0x00000000ef500000,0x00000000ef9fb0e0,0x00000000efa00000)
  to   space 6656K, 0% used [0x00000000f3900000,0x00000000f3900000,0x00000000f3f80000)
 ParOldGen       total 42496K, used 5506K [0x00000000c2600000, 0x00000000c4f80000, 0x00000000eb780000)
  object space 42496K, 12% used [0x00000000c2600000,0x00000000c2b60bd8,0x00000000c4f80000)
 Metaspace       used 19124K, capacity 19348K, committed 19456K, reserved 1067008K
  class space    used 2168K, capacity 2250K, committed 2304K, reserved 1048576K
}
Event: 2.844 GC heap before
{Heap before GC invocations=8 (full 0):
 PSYoungGen      total 68096K, used 25284K [0x00000000eb780000, 0x00000000f3f80000, 0x0000000100000000)
  eden space 62976K, 32% used [0x00000000eb780000,0x00000000ecb36178,0x00000000ef500000)
  from space 5120K, 99% used [0x00000000ef500000,0x00000000ef9fb0e0,0x00000000efa00000)
  to   space 6656K, 0% used [0x00000000f3900000,0x00000000f3900000,0x00000000f3f80000)
 ParOldGen       total 42496K, used 5506K [0x00000000c2600000, 0x00000000c4f80000, 0x00000000eb780000)
  object space 42496K, 12% used [0x00000000c2600000,0x00000000c2b60bd8,0x00000000c4f80000)
 Metaspace       used 20871K, capacity 21098K, committed 21248K, reserved 1069056K
  class space    used 2364K, capacity 2451K, committed 2560K, reserved 1048576K
Event: 2.858 GC heap after
Heap after GC invocations=8 (full 0):
 PSYoungGen      total 132608K, used 3090K [0x00000000eb780000, 0x00000000f3f80000, 0x0000000100000000)
  eden space 125952K, 0% used [0x00000000eb780000,0x00000000eb780000,0x00000000f3280000)
  from space 6656K, 46% used [0x00000000f3900000,0x00000000f3c04ad8,0x00000000f3f80000)
  to   space 6656K, 0% used [0x00000000f3280000,0x00000000f3280000,0x00000000f3900000)
 ParOldGen       total 42496K, used 6058K [0x00000000c2600000, 0x00000000c4f80000, 0x00000000eb780000)
  object space 42496K, 14% used [0x00000000c2600000,0x00000000c2beabe8,0x00000000c4f80000)
 Metaspace       used 20871K, capacity 21098K, committed 21248K, reserved 1069056K
  class space    used 2364K, capacity 2451K, committed 2560K, reserved 1048576K
}
Event: 2.858 GC heap before
{Heap before GC invocations=9 (full 1):
 PSYoungGen      total 132608K, used 3090K [0x00000000eb780000, 0x00000000f3f80000, 0x0000000100000000)
  eden space 125952K, 0% used [0x00000000eb780000,0x00000000eb780000,0x00000000f3280000)
  from space 6656K, 46% used [0x00000000f3900000,0x00000000f3c04ad8,0x00000000f3f80000)
  to   space 6656K, 0% used [0x00000000f3280000,0x00000000f3280000,0x00000000f3900000)
 ParOldGen       total 42496K, used 6058K [0x00000000c2600000, 0x00000000c4f80000, 0x00000000eb780000)
  object space 42496K, 14% used [0x00000000c2600000,0x00000000c2beabe8,0x00000000c4f80000)
 Metaspace       used 20871K, capacity 21098K, committed 21248K, reserved 1069056K
  class space    used 2364K, capacity 2451K, committed 2560K, reserved 1048576K
Event: 2.892 GC heap after
Heap after GC invocations=9 (full 1):
 PSYoungGen      total 132608K, used 0K [0x00000000eb780000, 0x00000000f3f80000, 0x0000000100000000)
  eden space 125952K, 0% used [0x00000000eb780000,0x00000000eb780000,0x00000000f3280000)
  from space 6656K, 0% used [0x00000000f3900000,0x00000000f3900000,0x00000000f3f80000)
  to   space 6656K, 0% used [0x00000000f3280000,0x00000000f3280000,0x00000000f3900000)
 ParOldGen       total 28160K, used 5340K [0x00000000c2600000, 0x00000000c4180000, 0x00000000eb780000)
  object space 28160K, 18% used [0x00000000c2600000,0x00000000c2b37358,0x00000000c4180000)
 Metaspace       used 20871K, capacity 21098K, committed 21248K, reserved 1069056K
  class space    used 2364K, capacity 2451K, committed 2560K, reserved 1048576K
}

