# JRE version: OpenJDK Runtime Environment (8.0_222-b10) (build 1.8.0_222-8u222-b10-1ubuntu1~18.04.1-b10)
# Java VM: OpenJDK 64-Bit Server VM (25.222-b10 mixed mode linux-amd64 compressed oops)
Heap:
 PSYoungGen      total 183296K, used 171568K [0x00000000eb780000, 0x00000000f9a00000, 0x0000000100000000)
  eden space 168448K, 100% used [0x00000000eb780000,0x00000000f5c00000,0x00000000f5c00000)
  from space 14848K, 21% used [0x00000000f6a80000,0x00000000f6d8c190,0x00000000f7900000)
  to   space 14848K, 5% used [0x00000000f5c00000,0x00000000f5cc4050,0x00000000f6a80000)
 ParOldGen       total 185344K, used 131554K [0x00000000c2600000, 0x00000000cdb00000, 0x00000000eb780000)
  object space 185344K, 70% used [0x00000000c2600000,0x00000000ca6788f0,0x00000000cdb00000)
 Metaspace       used 27101K, capacity 27346K, committed 27648K, reserved 1073152K
  class space    used 2996K, capacity 3071K, committed 3072K, reserved 1048576K
GC Heap History (10 events):
Event: 3.688 GC heap after
Heap after GC invocations=10 (full 1):
 PSYoungGen      total 131584K, used 5600K [0x00000000eb780000, 0x00000000f8780000, 0x0000000100000000)
  eden space 125952K, 0% used [0x00000000eb780000,0x00000000eb780000,0x00000000f3280000)
  from space 5632K, 99% used [0x00000000f3280000,0x00000000f37f82c0,0x00000000f3800000)
  to   space 15872K, 0% used [0x00000000f7800000,0x00000000f7800000,0x00000000f8780000)
 ParOldGen       total 131584K, used 131580K [0x00000000c2600000, 0x00000000ca680000, 0x00000000eb780000)
  object space 131584K, 99% used [0x00000000c2600000,0x00000000ca67f228,0x00000000ca680000)
 Metaspace       used 25748K, capacity 26002K, committed 26240K, reserved 1073152K
  class space    used 2873K, capacity 2943K, committed 2944K, reserved 1048576K
}
Event: 3.688 GC heap before
{Heap before GC invocations=11 (full 2):
 PSYoungGen      total 131584K, used 5600K [0x00000000eb780000, 0x00000000f8780000, 0x0000000100000000)
  eden space 125952K, 0% used [0x00000000eb780000,0x00000000eb780000,0x00000000f3280000)
  from space 5632K, 99% used [0x00000000f3280000,0x00000000f37f82c0,0x00000000f3800000)
  to   space 15872K, 0% used [0x00000000f7800000,0x00000000f7800000,0x00000000f8780000)
 ParOldGen       total 131584K, used 131580K [0x00000000c2600000, 0x00000000ca680000, 0x00000000eb780000)
  object space 131584K, 99% used [0x00000000c2600000,0x00000000ca67f228,0x00000000ca680000)
 Metaspace       used 25748K, capacity 26002K, committed 26240K, reserved 1073152K
  class space    used 2873K, capacity 2943K, committed 2944K, reserved 1048576K
Event: 4.170 GC heap after
Heap after GC invocations=11 (full 2):
 PSYoungGen      total 131584K, used 2912K [0x00000000eb780000, 0x00000000f8780000, 0x0000000100000000)
  eden space 125952K, 0% used [0x00000000eb780000,0x00000000eb780000,0x00000000f3280000)
  from space 5632K, 51% used [0x00000000f3280000,0x00000000f35580d0,0x00000000f3800000)
  to   space 15872K, 0% used [0x00000000f7800000,0x00000000f7800000,0x00000000f8780000)
 ParOldGen       total 185344K, used 131546K [0x00000000c2600000, 0x00000000cdb00000, 0x00000000eb780000)
  object space 185344K, 70% used [0x00000000c2600000,0x00000000ca6768f0,0x00000000cdb00000)
 Metaspace       used 25748K, capacity 26002K, committed 26240K, reserved 1073152K
  class space    used 2873K, capacity 2943K, committed 2944K, reserved 1048576K
}
Event: 4.537 GC heap before
{Heap before GC invocations=12 (full 2):
 PSYoungGen      total 131584K, used 128864K [0x00000000eb780000, 0x00000000f8780000, 0x0000000100000000)
  eden space 125952K, 100% used [0x00000000eb780000,0x00000000f3280000,0x00000000f3280000)
  from space 5632K, 51% used [0x00000000f3280000,0x00000000f35580d0,0x00000000f3800000)
  to   space 15872K, 0% used [0x00000000f7800000,0x00000000f7800000,0x00000000f8780000)
 ParOldGen       total 185344K, used 131546K [0x00000000c2600000, 0x00000000cdb00000, 0x00000000eb780000)
  object space 185344K, 70% used [0x00000000c2600000,0x00000000ca6768f0,0x00000000cdb00000)
 Metaspace       used 26700K, capacity 26994K, committed 27136K, reserved 1073152K
  class space    used 2954K, capacity 3039K, committed 3072K, reserved 1048576K
Event: 4.550 GC heap after
Heap after GC invocations=12 (full 2):
 PSYoungGen      total 147456K, used 4018K [0x00000000eb780000, 0x00000000f7c00000, 0x0000000100000000)
  eden space 143360K, 0% used [0x00000000eb780000,0x00000000eb780000,0x00000000f4380000)
  from space 4096K, 98% used [0x00000000f7800000,0x00000000f7bec9f8,0x00000000f7c00000)
  to   space 15360K, 0% used [0x00000000f5e00000,0x00000000f5e00000,0x00000000f6d00000)
 ParOldGen       total 185344K, used 131554K [0x00000000c2600000, 0x00000000cdb00000, 0x00000000eb780000)
  object space 185344K, 70% used [0x00000000c2600000,0x00000000ca6788f0,0x00000000cdb00000)
 Metaspace       used 26700K, capacity 26994K, committed 27136K, reserved 1073152K
  class space    used 2954K, capacity 3039K, committed 3072K, reserved 1048576K
}
Event: 4.674 GC heap before
{Heap before GC invocations=13 (full 2):
 PSYoungGen      total 147456K, used 147378K [0x00000000eb780000, 0x00000000f7c00000, 0x0000000100000000)
  eden space 143360K, 100% used [0x00000000eb780000,0x00000000f4380000,0x00000000f4380000)
  from space 4096K, 98% used [0x00000000f7800000,0x00000000f7bec9f8,0x00000000f7c00000)
  to   space 15360K, 0% used [0x00000000f5e00000,0x00000000f5e00000,0x00000000f6d00000)
 ParOldGen       total 185344K, used 131554K [0x00000000c2600000, 0x00000000cdb00000, 0x00000000eb780000)
  object space 185344K, 70% used [0x00000000c2600000,0x00000000ca6788f0,0x00000000cdb00000)
 Metaspace       used 26721K, capacity 26994K, committed 27136K, reserved 1073152K
  class space    used 2954K, capacity 3039K, committed 3072K, reserved 1048576K
Event: 4.689 GC heap after
Heap after GC invocations=13 (full 2):
 PSYoungGen      total 172032K, used 3120K [0x00000000eb780000, 0x00000000f7900000, 0x0000000100000000)
  eden space 168448K, 0% used [0x00000000eb780000,0x00000000eb780000,0x00000000f5c00000)
  from space 3584K, 87% used [0x00000000f5e00000,0x00000000f610c190,0x00000000f6180000)
  to   space 14848K, 0% used [0x00000000f6a80000,0x00000000f6a80000,0x00000000f7900000)
 ParOldGen       total 185344K, used 131554K [0x00000000c2600000, 0x00000000cdb00000, 0x00000000eb780000)
  object space 185344K, 70% used [0x00000000c2600000,0x00000000ca6788f0,0x00000000cdb00000)
 Metaspace       used 26721K, capacity 26994K, committed 27136K, reserved 1073152K
  class space    used 2954K, capacity 3039K, committed 3072K, reserved 1048576K
}
Event: 4.818 GC heap before
{Heap before GC invocations=14 (full 2):
 PSYoungGen      total 172032K, used 171568K [0x00000000eb780000, 0x00000000f7900000, 0x0000000100000000)
  eden space 168448K, 100% used [0x00000000eb780000,0x00000000f5c00000,0x00000000f5c00000)
  from space 3584K, 87% used [0x00000000f5e00000,0x00000000f610c190,0x00000000f6180000)
  to   space 14848K, 0% used [0x00000000f6a80000,0x00000000f6a80000,0x00000000f7900000)
 ParOldGen       total 185344K, used 131554K [0x00000000c2600000, 0x00000000cdb00000, 0x00000000eb780000)
  object space 185344K, 70% used [0x00000000c2600000,0x00000000ca6788f0,0x00000000cdb00000)
 Metaspace       used 26732K, capacity 27058K, committed 27392K, reserved 1073152K
  class space    used 2954K, capacity 3039K, committed 3072K, reserved 1048576K
Event: 4.833 GC heap after
Heap after GC invocations=14 (full 2):
 PSYoungGen      total 183296K, used 3120K [0x00000000eb780000, 0x00000000f9a00000, 0x0000000100000000)
  eden space 168448K, 0% used [0x00000000eb780000,0x00000000eb780000,0x00000000f5c00000)
  from space 14848K, 21% used [0x00000000f6a80000,0x00000000f6d8c190,0x00000000f7900000)
  to   space 14848K, 0% used [0x00000000f5c00000,0x00000000f5c00000,0x00000000f6a80000)
 ParOldGen       total 185344K, used 131554K [0x00000000c2600000, 0x00000000cdb00000, 0x00000000eb780000)
  object space 185344K, 70% used [0x00000000c2600000,0x00000000ca6788f0,0x00000000cdb00000)
 Metaspace       used 26732K, capacity 27058K, committed 27392K, reserved 1073152K
  class space    used 2954K, capacity 3039K, committed 3072K, reserved 1048576K
}
Event: 6.060 GC heap before
{Heap before GC invocations=15 (full 2):
 PSYoungGen      total 183296K, used 171568K [0x00000000eb780000, 0x00000000f9a00000, 0x0000000100000000)
  eden space 168448K, 100% used [0x00000000eb780000,0x00000000f5c00000,0x00000000f5c00000)
  from space 14848K, 21% used [0x00000000f6a80000,0x00000000f6d8c190,0x00000000f7900000)
  to   space 14848K, 0% used [0x00000000f5c00000,0x00000000f5c00000,0x00000000f6a80000)
 ParOldGen       total 185344K, used 131554K [0x00000000c2600000, 0x00000000cdb00000, 0x00000000eb780000)
  object space 185344K, 70% used [0x00000000c2600000,0x00000000ca6788f0,0x00000000cdb00000)
 Metaspace       used 27101K, capacity 27346K, committed 27648K, reserved 1073152K
  class space    used 2996K, capacity 3071K, committed 3072K, reserved 1048576K

