# JRE version: OpenJDK Runtime Environment (8.0_222-b10) (build 1.8.0_222-8u222-b10-1ubuntu1~18.04.1-b10)
# Java VM: OpenJDK 64-Bit Server VM (25.222-b10 mixed mode linux-amd64 compressed oops)
Heap:
 PSYoungGen      total 335872K, used 191424K [0x00000000eb780000, 0x0000000100000000, 0x0000000100000000)
  eden space 335360K, 57% used [0x00000000eb780000,0x00000000f7250198,0x00000000fff00000)
  from space 512K, 25% used [0x00000000fff80000,0x00000000fffa0000,0x0000000100000000)
  to   space 512K, 0% used [0x00000000fff00000,0x00000000fff00000,0x00000000fff80000)
 ParOldGen       total 673280K, used 337541K [0x00000000c2600000, 0x00000000eb780000, 0x00000000eb780000)
  object space 673280K, 50% used [0x00000000c2600000,0x00000000d6fa1578,0x00000000eb780000)
 Metaspace       used 27829K, capacity 28088K, committed 28544K, reserved 1075200K
  class space    used 3010K, capacity 3088K, committed 3200K, reserved 1048576K
GC Heap History (10 events):
Event: 93.295 GC heap before
{Heap before GC invocations=141 (full 50):
 PSYoungGen      total 335872K, used 128K [0x00000000eb780000, 0x0000000100000000, 0x0000000100000000)
  eden space 335360K, 0% used [0x00000000eb780000,0x00000000eb780000,0x00000000fff00000)
  from space 512K, 25% used [0x00000000fff00000,0x00000000fff20000,0x00000000fff80000)
  to   space 512K, 0% used [0x00000000fff80000,0x00000000fff80000,0x0000000100000000)
 ParOldGen       total 673280K, used 542272K [0x00000000c2600000, 0x00000000eb780000, 0x00000000eb780000)
  object space 673280K, 80% used [0x00000000c2600000,0x00000000e3790050,0x00000000eb780000)
 Metaspace       used 27787K, capacity 28088K, committed 28544K, reserved 1075200K
  class space    used 3009K, capacity 3088K, committed 3200K, reserved 1048576K
Event: 93.439 GC heap after
Heap after GC invocations=141 (full 50):
 PSYoungGen      total 335872K, used 0K [0x00000000eb780000, 0x0000000100000000, 0x0000000100000000)
  eden space 335360K, 0% used [0x00000000eb780000,0x00000000eb780000,0x00000000fff00000)
  from space 512K, 0% used [0x00000000fff00000,0x00000000fff00000,0x00000000fff80000)
  to   space 512K, 0% used [0x00000000fff80000,0x00000000fff80000,0x0000000100000000)
 ParOldGen       total 673280K, used 132674K [0x00000000c2600000, 0x00000000eb780000, 0x00000000eb780000)
  object space 673280K, 19% used [0x00000000c2600000,0x00000000ca790a70,0x00000000eb780000)
 Metaspace       used 27787K, capacity 28088K, committed 28544K, reserved 1075200K
  class space    used 3009K, capacity 3088K, committed 3200K, reserved 1048576K
}
Event: 94.069 GC heap before
{Heap before GC invocations=142 (full 50):
 PSYoungGen      total 335872K, used 335360K [0x00000000eb780000, 0x0000000100000000, 0x0000000100000000)
  eden space 335360K, 100% used [0x00000000eb780000,0x00000000fff00000,0x00000000fff00000)
  from space 512K, 0% used [0x00000000fff00000,0x00000000fff00000,0x00000000fff80000)
  to   space 512K, 0% used [0x00000000fff80000,0x00000000fff80000,0x0000000100000000)
 ParOldGen       total 673280K, used 132674K [0x00000000c2600000, 0x00000000eb780000, 0x00000000eb780000)
  object space 673280K, 19% used [0x00000000c2600000,0x00000000ca790a70,0x00000000eb780000)
 Metaspace       used 27810K, capacity 28088K, committed 28544K, reserved 1075200K
  class space    used 3010K, capacity 3088K, committed 3200K, reserved 1048576K
Event: 94.135 GC heap after
Heap after GC invocations=142 (full 50):
 PSYoungGen      total 335872K, used 160K [0x00000000eb780000, 0x0000000100000000, 0x0000000100000000)
  eden space 335360K, 0% used [0x00000000eb780000,0x00000000eb780000,0x00000000fff00000)
  from space 512K, 31% used [0x00000000fff80000,0x00000000fffa8000,0x0000000100000000)
  to   space 512K, 0% used [0x00000000fff00000,0x00000000fff00000,0x00000000fff80000)
 ParOldGen       total 673280K, used 337482K [0x00000000c2600000, 0x00000000eb780000, 0x00000000eb780000)
  object space 673280K, 50% used [0x00000000c2600000,0x00000000d6f92a90,0x00000000eb780000)
 Metaspace       used 27810K, capacity 28088K, committed 28544K, reserved 1075200K
  class space    used 3010K, capacity 3088K, committed 3200K, reserved 1048576K
}
Event: 94.700 GC heap before
{Heap before GC invocations=143 (full 50):
 PSYoungGen      total 335872K, used 335520K [0x00000000eb780000, 0x0000000100000000, 0x0000000100000000)
  eden space 335360K, 100% used [0x00000000eb780000,0x00000000fff00000,0x00000000fff00000)
  from space 512K, 31% used [0x00000000fff80000,0x00000000fffa8000,0x0000000100000000)
  to   space 512K, 0% used [0x00000000fff00000,0x00000000fff00000,0x00000000fff80000)
 ParOldGen       total 673280K, used 337482K [0x00000000c2600000, 0x00000000eb780000, 0x00000000eb780000)
  object space 673280K, 50% used [0x00000000c2600000,0x00000000d6f92a90,0x00000000eb780000)
 Metaspace       used 27817K, capacity 28088K, committed 28544K, reserved 1075200K
  class space    used 3010K, capacity 3088K, committed 3200K, reserved 1048576K
Event: 94.831 GC heap after
Heap after GC invocations=143 (full 50):
 PSYoungGen      total 335872K, used 160K [0x00000000eb780000, 0x0000000100000000, 0x0000000100000000)
  eden space 335360K, 0% used [0x00000000eb780000,0x00000000eb780000,0x00000000fff00000)
  from space 512K, 31% used [0x00000000fff00000,0x00000000fff28000,0x00000000fff80000)
  to   space 512K, 0% used [0x00000000fff80000,0x00000000fff80000,0x0000000100000000)
 ParOldGen       total 673280K, used 542282K [0x00000000c2600000, 0x00000000eb780000, 0x00000000eb780000)
  object space 673280K, 80% used [0x00000000c2600000,0x00000000e3792ab0,0x00000000eb780000)
 Metaspace       used 27817K, capacity 28088K, committed 28544K, reserved 1075200K
  class space    used 3010K, capacity 3088K, committed 3200K, reserved 1048576K
}
Event: 94.831 GC heap before
{Heap before GC invocations=144 (full 51):
 PSYoungGen      total 335872K, used 160K [0x00000000eb780000, 0x0000000100000000, 0x0000000100000000)
  eden space 335360K, 0% used [0x00000000eb780000,0x00000000eb780000,0x00000000fff00000)
  from space 512K, 31% used [0x00000000fff00000,0x00000000fff28000,0x00000000fff80000)
  to   space 512K, 0% used [0x00000000fff80000,0x00000000fff80000,0x0000000100000000)
 ParOldGen       total 673280K, used 542282K [0x00000000c2600000, 0x00000000eb780000, 0x00000000eb780000)
  object space 673280K, 80% used [0x00000000c2600000,0x00000000e3792ab0,0x00000000eb780000)
 Metaspace       used 27817K, capacity 28088K, committed 28544K, reserved 1075200K
  class space    used 3010K, capacity 3088K, committed 3200K, reserved 1048576K
Event: 95.013 GC heap after
Heap after GC invocations=144 (full 51):
 PSYoungGen      total 335872K, used 0K [0x00000000eb780000, 0x0000000100000000, 0x0000000100000000)
  eden space 335360K, 0% used [0x00000000eb780000,0x00000000eb780000,0x00000000fff00000)
  from space 512K, 0% used [0x00000000fff00000,0x00000000fff00000,0x00000000fff80000)
  to   space 512K, 0% used [0x00000000fff80000,0x00000000fff80000,0x0000000100000000)
 ParOldGen       total 673280K, used 132733K [0x00000000c2600000, 0x00000000eb780000, 0x00000000eb780000)
  object space 673280K, 19% used [0x00000000c2600000,0x00000000ca79f558,0x00000000eb780000)
 Metaspace       used 27817K, capacity 28088K, committed 28544K, reserved 1075200K
  class space    used 3010K, capacity 3088K, committed 3200K, reserved 1048576K
}
Event: 95.480 GC heap before
{Heap before GC invocations=145 (full 51):
 PSYoungGen      total 335872K, used 335360K [0x00000000eb780000, 0x0000000100000000, 0x0000000100000000)
  eden space 335360K, 100% used [0x00000000eb780000,0x00000000fff00000,0x00000000fff00000)
  from space 512K, 0% used [0x00000000fff00000,0x00000000fff00000,0x00000000fff80000)
  to   space 512K, 0% used [0x00000000fff80000,0x00000000fff80000,0x0000000100000000)
 ParOldGen       total 673280K, used 132733K [0x00000000c2600000, 0x00000000eb780000, 0x00000000eb780000)
  object space 673280K, 19% used [0x00000000c2600000,0x00000000ca79f558,0x00000000eb780000)
 Metaspace       used 27829K, capacity 28088K, committed 28544K, reserved 1075200K
  class space    used 3010K, capacity 3088K, committed 3200K, reserved 1048576K
Event: 95.636 GC heap after
Heap after GC invocations=145 (full 51):
 PSYoungGen      total 335872K, used 128K [0x00000000eb780000, 0x0000000100000000, 0x0000000100000000)
  eden space 335360K, 0% used [0x00000000eb780000,0x00000000eb780000,0x00000000fff00000)
  from space 512K, 25% used [0x00000000fff80000,0x00000000fffa0000,0x0000000100000000)
  to   space 512K, 0% used [0x00000000fff00000,0x00000000fff00000,0x00000000fff80000)
 ParOldGen       total 673280K, used 337541K [0x00000000c2600000, 0x00000000eb780000, 0x00000000eb780000)
  object space 673280K, 50% used [0x00000000c2600000,0x00000000d6fa1578,0x00000000eb780000)
 Metaspace       used 27829K, capacity 28088K, committed 28544K, reserved 1075200K
  class space    used 3010K, capacity 3088K, committed 3200K, reserved 1048576K
}

