# JRE version: OpenJDK Runtime Environment (8.0_222-b10) (build 1.8.0_222-8u222-b10-1ubuntu1~18.04.1-b10)
# Java VM: OpenJDK 64-Bit Server VM (25.222-b10 mixed mode linux-amd64 compressed oops)
Heap:
 PSYoungGen      total 133632K, used 7668K [0x00000000eb780000, 0x00000000f4280000, 0x0000000100000000)
  eden space 125952K, 0% used [0x00000000eb780000,0x00000000eb780000,0x00000000f3280000)
  from space 7680K, 99% used [0x00000000f3280000,0x00000000f39fd3a0,0x00000000f3a00000)
  to   space 6656K, 0% used [0x00000000f3a00000,0x00000000f3a00000,0x00000000f4080000)
 ParOldGen       total 137216K, used 131344K [0x00000000c2600000, 0x00000000cac00000, 0x00000000eb780000)
  object space 137216K, 95% used [0x00000000c2600000,0x00000000ca644198,0x00000000cac00000)
 Metaspace       used 25959K, capacity 26226K, committed 26624K, reserved 1073152K
  class space    used 2896K, capacity 2975K, committed 3072K, reserved 1048576K
GC Heap History (10 events):
Event: 1.525 GC heap after
Heap after GC invocations=3 (full 0):
 PSYoungGen      total 34304K, used 2554K [0x00000000eb780000, 0x00000000efa80000, 0x0000000100000000)
  eden space 31744K, 0% used [0x00000000eb780000,0x00000000eb780000,0x00000000ed680000)
  from space 2560K, 99% used [0x00000000ed680000,0x00000000ed8fea78,0x00000000ed900000)
  to   space 2560K, 0% used [0x00000000ef800000,0x00000000ef800000,0x00000000efa80000)
 ParOldGen       total 42496K, used 1899K [0x00000000c2600000, 0x00000000c4f80000, 0x00000000eb780000)
  object space 42496K, 4% used [0x00000000c2600000,0x00000000c27daf80,0x00000000c4f80000)
 Metaspace       used 10114K, capacity 10276K, committed 10496K, reserved 1058816K
  class space    used 1117K, capacity 1188K, committed 1280K, reserved 1048576K
}
Event: 1.783 GC heap before
{Heap before GC invocations=4 (full 0):
 PSYoungGen      total 34304K, used 34298K [0x00000000eb780000, 0x00000000efa80000, 0x0000000100000000)
  eden space 31744K, 100% used [0x00000000eb780000,0x00000000ed680000,0x00000000ed680000)
  from space 2560K, 99% used [0x00000000ed680000,0x00000000ed8fea78,0x00000000ed900000)
  to   space 2560K, 0% used [0x00000000ef800000,0x00000000ef800000,0x00000000efa80000)
 ParOldGen       total 42496K, used 1899K [0x00000000c2600000, 0x00000000c4f80000, 0x00000000eb780000)
  object space 42496K, 4% used [0x00000000c2600000,0x00000000c27daf80,0x00000000c4f80000)
 Metaspace       used 12255K, capacity 12484K, committed 12800K, reserved 1060864K
  class space    used 1338K, capacity 1412K, committed 1536K, reserved 1048576K
Event: 1.794 GC heap after
Heap after GC invocations=4 (full 0):
 PSYoungGen      total 66048K, used 2546K [0x00000000eb780000, 0x00000000efa80000, 0x0000000100000000)
  eden space 63488K, 0% used [0x00000000eb780000,0x00000000eb780000,0x00000000ef580000)
  from space 2560K, 99% used [0x00000000ef800000,0x00000000efa7c830,0x00000000efa80000)
  to   space 2560K, 0% used [0x00000000ef580000,0x00000000ef580000,0x00000000ef800000)
 ParOldGen       total 42496K, used 4024K [0x00000000c2600000, 0x00000000c4f80000, 0x00000000eb780000)
  object space 42496K, 9% used [0x00000000c2600000,0x00000000c29ee0c8,0x00000000c4f80000)
 Metaspace       used 12255K, capacity 12484K, committed 12800K, reserved 1060864K
  class space    used 1338K, capacity 1412K, committed 1536K, reserved 1048576K
}
Event: 2.379 GC heap before
{Heap before GC invocations=5 (full 0):
 PSYoungGen      total 66048K, used 66034K [0x00000000eb780000, 0x00000000efa80000, 0x0000000100000000)
  eden space 63488K, 100% used [0x00000000eb780000,0x00000000ef580000,0x00000000ef580000)
  from space 2560K, 99% used [0x00000000ef800000,0x00000000efa7c830,0x00000000efa80000)
  to   space 2560K, 0% used [0x00000000ef580000,0x00000000ef580000,0x00000000ef800000)
 ParOldGen       total 42496K, used 4024K [0x00000000c2600000, 0x00000000c4f80000, 0x00000000eb780000)
  object space 42496K, 9% used [0x00000000c2600000,0x00000000c29ee0c8,0x00000000c4f80000)
 Metaspace       used 15929K, capacity 16100K, committed 16256K, reserved 1062912K
  class space    used 1761K, capacity 1828K, committed 1920K, reserved 1048576K
Event: 2.393 GC heap after
Heap after GC invocations=5 (full 0):
 PSYoungGen      total 66048K, used 2530K [0x00000000eb780000, 0x00000000f4080000, 0x0000000100000000)
  eden space 63488K, 0% used [0x00000000eb780000,0x00000000eb780000,0x00000000ef580000)
  from space 2560K, 98% used [0x00000000ef580000,0x00000000ef7f8840,0x00000000ef800000)
  to   space 6656K, 0% used [0x00000000f3a00000,0x00000000f3a00000,0x00000000f4080000)
 ParOldGen       total 42496K, used 7600K [0x00000000c2600000, 0x00000000c4f80000, 0x00000000eb780000)
  object space 42496K, 17% used [0x00000000c2600000,0x00000000c2d6c080,0x00000000c4f80000)
 Metaspace       used 15929K, capacity 16100K, committed 16256K, reserved 1062912K
  class space    used 1761K, capacity 1828K, committed 1920K, reserved 1048576K
}
Event: 3.297 GC heap before
{Heap before GC invocations=6 (full 0):
 PSYoungGen      total 66048K, used 54547K [0x00000000eb780000, 0x00000000f4080000, 0x0000000100000000)
  eden space 63488K, 81% used [0x00000000eb780000,0x00000000eea4c560,0x00000000ef580000)
  from space 2560K, 98% used [0x00000000ef580000,0x00000000ef7f8840,0x00000000ef800000)
  to   space 6656K, 0% used [0x00000000f3a00000,0x00000000f3a00000,0x00000000f4080000)
 ParOldGen       total 42496K, used 7600K [0x00000000c2600000, 0x00000000c4f80000, 0x00000000eb780000)
  object space 42496K, 17% used [0x00000000c2600000,0x00000000c2d6c080,0x00000000c4f80000)
 Metaspace       used 20901K, capacity 21098K, committed 21248K, reserved 1069056K
  class space    used 2373K, capacity 2451K, committed 2560K, reserved 1048576K
Event: 3.311 GC heap after
Heap after GC invocations=6 (full 0):
 PSYoungGen      total 132608K, used 6413K [0x00000000eb780000, 0x00000000f4280000, 0x0000000100000000)
  eden space 125952K, 0% used [0x00000000eb780000,0x00000000eb780000,0x00000000f3280000)
  from space 6656K, 96% used [0x00000000f3a00000,0x00000000f4043720,0x00000000f4080000)
  to   space 7680K, 0% used [0x00000000f3280000,0x00000000f3280000,0x00000000f3a00000)
 ParOldGen       total 42496K, used 7608K [0x00000000c2600000, 0x00000000c4f80000, 0x00000000eb780000)
  object space 42496K, 17% used [0x00000000c2600000,0x00000000c2d6e080,0x00000000c4f80000)
 Metaspace       used 20901K, capacity 21098K, committed 21248K, reserved 1069056K
  class space    used 2373K, capacity 2451K, committed 2560K, reserved 1048576K
}
Event: 3.311 GC heap before
{Heap before GC invocations=7 (full 1):
 PSYoungGen      total 132608K, used 6413K [0x00000000eb780000, 0x00000000f4280000, 0x0000000100000000)
  eden space 125952K, 0% used [0x00000000eb780000,0x00000000eb780000,0x00000000f3280000)
  from space 6656K, 96% used [0x00000000f3a00000,0x00000000f4043720,0x00000000f4080000)
  to   space 7680K, 0% used [0x00000000f3280000,0x00000000f3280000,0x00000000f3a00000)
 ParOldGen       total 42496K, used 7608K [0x00000000c2600000, 0x00000000c4f80000, 0x00000000eb780000)
  object space 42496K, 17% used [0x00000000c2600000,0x00000000c2d6e080,0x00000000c4f80000)
 Metaspace       used 20901K, capacity 21098K, committed 21248K, reserved 1069056K
  class space    used 2373K, capacity 2451K, committed 2560K, reserved 1048576K
Event: 3.365 GC heap after
Heap after GC invocations=7 (full 1):
 PSYoungGen      total 132608K, used 0K [0x00000000eb780000, 0x00000000f4280000, 0x0000000100000000)
  eden space 125952K, 0% used [0x00000000eb780000,0x00000000eb780000,0x00000000f3280000)
  from space 6656K, 0% used [0x00000000f3a00000,0x00000000f3a00000,0x00000000f4080000)
  to   space 7680K, 0% used [0x00000000f3280000,0x00000000f3280000,0x00000000f3a00000)
 ParOldGen       total 34304K, used 6838K [0x00000000c2600000, 0x00000000c4780000, 0x00000000eb780000)
  object space 34304K, 19% used [0x00000000c2600000,0x00000000c2cad8c8,0x00000000c4780000)
 Metaspace       used 20901K, capacity 21098K, committed 21248K, reserved 1069056K
  class space    used 2373K, capacity 2451K, committed 2560K, reserved 1048576K
}
Event: 6.371 GC heap before
{Heap before GC invocations=8 (full 1):
 PSYoungGen      total 132608K, used 125952K [0x00000000eb780000, 0x00000000f4280000, 0x0000000100000000)
  eden space 125952K, 100% used [0x00000000eb780000,0x00000000f3280000,0x00000000f3280000)
  from space 6656K, 0% used [0x00000000f3a00000,0x00000000f3a00000,0x00000000f4080000)
  to   space 7680K, 0% used [0x00000000f3280000,0x00000000f3280000,0x00000000f3a00000)
 ParOldGen       total 137216K, used 109238K [0x00000000c2600000, 0x00000000cac00000, 0x00000000eb780000)
  object space 137216K, 79% used [0x00000000c2600000,0x00000000c90ad8d8,0x00000000cac00000)
 Metaspace       used 25959K, capacity 26226K, committed 26624K, reserved 1073152K
  class space    used 2896K, capacity 2975K, committed 3072K, reserved 1048576K

