# JRE version: OpenJDK Runtime Environment (8.0_222-b10) (build 1.8.0_222-8u222-b10-1ubuntu1~18.04.1-b10)
# Java VM: OpenJDK 64-Bit Server VM (25.222-b10 mixed mode linux-amd64 compressed oops)
Heap:
 PSYoungGen      total 232448K, used 256K [0x00000000eb780000, 0x00000000fb680000, 0x0000000100000000)
  eden space 218624K, 0% used [0x00000000eb780000,0x00000000eb780000,0x00000000f8d00000)
  from space 13824K, 1% used [0x00000000fa900000,0x00000000fa940000,0x00000000fb680000)
  to   space 14336K, 0% used [0x00000000f8d00000,0x00000000f8d00000,0x00000000f9b00000)
 ParOldGen       total 608768K, used 544153K [0x00000000c2600000, 0x00000000e7880000, 0x00000000eb780000)
  object space 608768K, 89% used [0x00000000c2600000,0x00000000e3966410,0x00000000e7880000)
 Metaspace       used 27108K, capacity 27346K, committed 27648K, reserved 1073152K
  class space    used 2998K, capacity 3071K, committed 3072K, reserved 1048576K
GC Heap History (10 events):
Event: 7.232 GC heap after
Heap after GC invocations=17 (full 2):
 PSYoungGen      total 214528K, used 224K [0x00000000eb780000, 0x00000000fa180000, 0x0000000100000000)
  eden space 197120K, 0% used [0x00000000eb780000,0x00000000eb780000,0x00000000f7800000)
  from space 17408K, 1% used [0x00000000f7800000,0x00000000f7838000,0x00000000f8900000)
  to   space 16384K, 0% used [0x00000000f9180000,0x00000000f9180000,0x00000000fa180000)
 ParOldGen       total 300032K, used 236952K [0x00000000c2600000, 0x00000000d4b00000, 0x00000000eb780000)
  object space 300032K, 78% used [0x00000000c2600000,0x00000000d0d663e0,0x00000000d4b00000)
 Metaspace       used 27074K, capacity 27282K, committed 27392K, reserved 1073152K
  class space    used 2996K, capacity 3071K, committed 3072K, reserved 1048576K
}
Event: 8.128 GC heap before
{Heap before GC invocations=18 (full 2):
 PSYoungGen      total 214528K, used 197344K [0x00000000eb780000, 0x00000000fa180000, 0x0000000100000000)
  eden space 197120K, 100% used [0x00000000eb780000,0x00000000f7800000,0x00000000f7800000)
  from space 17408K, 1% used [0x00000000f7800000,0x00000000f7838000,0x00000000f8900000)
  to   space 16384K, 0% used [0x00000000f9180000,0x00000000f9180000,0x00000000fa180000)
 ParOldGen       total 402944K, used 339352K [0x00000000c2600000, 0x00000000daf80000, 0x00000000eb780000)
  object space 402944K, 84% used [0x00000000c2600000,0x00000000d71663f0,0x00000000daf80000)
 Metaspace       used 27086K, capacity 27346K, committed 27648K, reserved 1073152K
  class space    used 2996K, capacity 3071K, committed 3072K, reserved 1048576K
Event: 8.131 GC heap after
Heap after GC invocations=18 (full 2):
 PSYoungGen      total 219136K, used 256K [0x00000000eb780000, 0x00000000f9f00000, 0x0000000100000000)
  eden space 205312K, 0% used [0x00000000eb780000,0x00000000eb780000,0x00000000f8000000)
  from space 13824K, 1% used [0x00000000f9180000,0x00000000f91c0000,0x00000000f9f00000)
  to   space 15872K, 0% used [0x00000000f8000000,0x00000000f8000000,0x00000000f8f80000)
 ParOldGen       total 402944K, used 339352K [0x00000000c2600000, 0x00000000daf80000, 0x00000000eb780000)
  object space 402944K, 84% used [0x00000000c2600000,0x00000000d71663f0,0x00000000daf80000)
 Metaspace       used 27086K, capacity 27346K, committed 27648K, reserved 1073152K
  class space    used 2996K, capacity 3071K, committed 3072K, reserved 1048576K
}
Event: 8.237 GC heap before
{Heap before GC invocations=19 (full 2):
 PSYoungGen      total 219136K, used 205568K [0x00000000eb780000, 0x00000000f9f00000, 0x0000000100000000)
  eden space 205312K, 100% used [0x00000000eb780000,0x00000000f8000000,0x00000000f8000000)
  from space 13824K, 1% used [0x00000000f9180000,0x00000000f91c0000,0x00000000f9f00000)
  to   space 15872K, 0% used [0x00000000f8000000,0x00000000f8000000,0x00000000f8f80000)
 ParOldGen       total 402944K, used 339352K [0x00000000c2600000, 0x00000000daf80000, 0x00000000eb780000)
  object space 402944K, 84% used [0x00000000c2600000,0x00000000d71663f0,0x00000000daf80000)
 Metaspace       used 27086K, capacity 27346K, committed 27648K, reserved 1073152K
  class space    used 2996K, capacity 3071K, committed 3072K, reserved 1048576K
Event: 8.245 GC heap after
Heap after GC invocations=19 (full 2):
 PSYoungGen      total 221184K, used 224K [0x00000000eb780000, 0x00000000faa00000, 0x0000000100000000)
  eden space 205312K, 0% used [0x00000000eb780000,0x00000000eb780000,0x00000000f8000000)
  from space 15872K, 1% used [0x00000000f8000000,0x00000000f8038000,0x00000000f8f80000)
  to   space 14848K, 0% used [0x00000000f9b80000,0x00000000f9b80000,0x00000000faa00000)
 ParOldGen       total 402944K, used 339352K [0x00000000c2600000, 0x00000000daf80000, 0x00000000eb780000)
  object space 402944K, 84% used [0x00000000c2600000,0x00000000d71663f0,0x00000000daf80000)
 Metaspace       used 27086K, capacity 27346K, committed 27648K, reserved 1073152K
  class space    used 2996K, capacity 3071K, committed 3072K, reserved 1048576K
}
Event: 8.337 GC heap before
{Heap before GC invocations=20 (full 2):
 PSYoungGen      total 221184K, used 205536K [0x00000000eb780000, 0x00000000faa00000, 0x0000000100000000)
  eden space 205312K, 100% used [0x00000000eb780000,0x00000000f8000000,0x00000000f8000000)
  from space 15872K, 1% used [0x00000000f8000000,0x00000000f8038000,0x00000000f8f80000)
  to   space 14848K, 0% used [0x00000000f9b80000,0x00000000f9b80000,0x00000000faa00000)
 ParOldGen       total 402944K, used 339352K [0x00000000c2600000, 0x00000000daf80000, 0x00000000eb780000)
  object space 402944K, 84% used [0x00000000c2600000,0x00000000d71663f0,0x00000000daf80000)
 Metaspace       used 27086K, capacity 27346K, committed 27648K, reserved 1073152K
  class space    used 2996K, capacity 3071K, committed 3072K, reserved 1048576K
Event: 8.339 GC heap after
Heap after GC invocations=20 (full 2):
 PSYoungGen      total 232448K, used 192K [0x00000000eb780000, 0x00000000fa900000, 0x0000000100000000)
  eden space 218624K, 0% used [0x00000000eb780000,0x00000000eb780000,0x00000000f8d00000)
  from space 13824K, 1% used [0x00000000f9b80000,0x00000000f9bb0000,0x00000000fa900000)
  to   space 14336K, 0% used [0x00000000f8d00000,0x00000000f8d00000,0x00000000f9b00000)
 ParOldGen       total 402944K, used 339352K [0x00000000c2600000, 0x00000000daf80000, 0x00000000eb780000)
  object space 402944K, 84% used [0x00000000c2600000,0x00000000d71663f0,0x00000000daf80000)
 Metaspace       used 27086K, capacity 27346K, committed 27648K, reserved 1073152K
  class space    used 2996K, capacity 3071K, committed 3072K, reserved 1048576K
}
Event: 8.455 GC heap before
{Heap before GC invocations=21 (full 2):
 PSYoungGen      total 232448K, used 218816K [0x00000000eb780000, 0x00000000fa900000, 0x0000000100000000)
  eden space 218624K, 100% used [0x00000000eb780000,0x00000000f8d00000,0x00000000f8d00000)
  from space 13824K, 1% used [0x00000000f9b80000,0x00000000f9bb0000,0x00000000fa900000)
  to   space 14336K, 0% used [0x00000000f8d00000,0x00000000f8d00000,0x00000000f9b00000)
 ParOldGen       total 402944K, used 339352K [0x00000000c2600000, 0x00000000daf80000, 0x00000000eb780000)
  object space 402944K, 84% used [0x00000000c2600000,0x00000000d71663f0,0x00000000daf80000)
 Metaspace       used 27097K, capacity 27346K, committed 27648K, reserved 1073152K
  class space    used 2998K, capacity 3071K, committed 3072K, reserved 1048576K
Event: 8.459 GC heap after
Heap after GC invocations=21 (full 2):
 PSYoungGen      total 232960K, used 256K [0x00000000eb780000, 0x00000000fb680000, 0x0000000100000000)
  eden space 218624K, 0% used [0x00000000eb780000,0x00000000eb780000,0x00000000f8d00000)
  from space 14336K, 1% used [0x00000000f8d00000,0x00000000f8d40000,0x00000000f9b00000)
  to   space 13824K, 0% used [0x00000000fa900000,0x00000000fa900000,0x00000000fb680000)
 ParOldGen       total 402944K, used 339352K [0x00000000c2600000, 0x00000000daf80000, 0x00000000eb780000)
  object space 402944K, 84% used [0x00000000c2600000,0x00000000d71663f0,0x00000000daf80000)
 Metaspace       used 27097K, capacity 27346K, committed 27648K, reserved 1073152K
  class space    used 2998K, capacity 3071K, committed 3072K, reserved 1048576K
}
Event: 9.294 GC heap before
{Heap before GC invocations=22 (full 2):
 PSYoungGen      total 232960K, used 218880K [0x00000000eb780000, 0x00000000fb680000, 0x0000000100000000)
  eden space 218624K, 100% used [0x00000000eb780000,0x00000000f8d00000,0x00000000f8d00000)
  from space 14336K, 1% used [0x00000000f8d00000,0x00000000f8d40000,0x00000000f9b00000)
  to   space 13824K, 0% used [0x00000000fa900000,0x00000000fa900000,0x00000000fb680000)
 ParOldGen       total 402944K, used 339352K [0x00000000c2600000, 0x00000000daf80000, 0x00000000eb780000)
  object space 402944K, 84% used [0x00000000c2600000,0x00000000d71663f0,0x00000000daf80000)
 Metaspace       used 27108K, capacity 27346K, committed 27648K, reserved 1073152K
  class space    used 2998K, capacity 3071K, committed 3072K, reserved 1048576K

