# JRE version: OpenJDK Runtime Environment (8.0_222-b10) (build 1.8.0_222-8u222-b10-1ubuntu1~18.04.1-b10)
# Java VM: OpenJDK 64-Bit Server VM (25.222-b10 mixed mode linux-amd64 compressed oops)
Heap:
 PSYoungGen      total 180736K, used 64K [0x00000000eb780000, 0x00000000f7c80000, 0x0000000100000000)
  eden space 165376K, 0% used [0x00000000eb780000,0x00000000eb780000,0x00000000f5900000)
  from space 15360K, 0% used [0x00000000f5e80000,0x00000000f5e90000,0x00000000f6d80000)
  to   space 5120K, 0% used [0x00000000f7780000,0x00000000f7780000,0x00000000f7c80000)
 ParOldGen       total 267264K, used 133594K [0x00000000c2600000, 0x00000000d2b00000, 0x00000000eb780000)
  object space 267264K, 49% used [0x00000000c2600000,0x00000000ca876bf8,0x00000000d2b00000)
 Metaspace       used 26736K, capacity 26994K, committed 27136K, reserved 1073152K
  class space    used 2954K, capacity 3039K, committed 3072K, reserved 1048576K
GC Heap History (10 events):
Event: 3.434 GC heap after
Heap after GC invocations=9 (full 1):
 PSYoungGen      total 130048K, used 0K [0x00000000eb780000, 0x00000000f3c80000, 0x0000000100000000)
  eden space 124928K, 0% used [0x00000000eb780000,0x00000000eb780000,0x00000000f3180000)
  from space 5120K, 0% used [0x00000000f3780000,0x00000000f3780000,0x00000000f3c80000)
  to   space 5632K, 0% used [0x00000000f3180000,0x00000000f3180000,0x00000000f3700000)
 ParOldGen       total 28160K, used 5342K [0x00000000c2600000, 0x00000000c4180000, 0x00000000eb780000)
  object space 28160K, 18% used [0x00000000c2600000,0x00000000c2b378d0,0x00000000c4180000)
 Metaspace       used 20871K, capacity 21098K, committed 21248K, reserved 1069056K
  class space    used 2367K, capacity 2451K, committed 2560K, reserved 1048576K
}
Event: 4.698 GC heap before
{Heap before GC invocations=10 (full 1):
 PSYoungGen      total 130048K, used 124928K [0x00000000eb780000, 0x00000000f3c80000, 0x0000000100000000)
  eden space 124928K, 100% used [0x00000000eb780000,0x00000000f3180000,0x00000000f3180000)
  from space 5120K, 0% used [0x00000000f3780000,0x00000000f3780000,0x00000000f3c80000)
  to   space 5632K, 0% used [0x00000000f3180000,0x00000000f3180000,0x00000000f3700000)
 ParOldGen       total 28160K, used 5342K [0x00000000c2600000, 0x00000000c4180000, 0x00000000eb780000)
  object space 28160K, 18% used [0x00000000c2600000,0x00000000c2b378d0,0x00000000c4180000)
 Metaspace       used 25393K, capacity 25650K, committed 25984K, reserved 1073152K
  class space    used 2825K, capacity 2911K, committed 2944K, reserved 1048576K
Event: 4.766 GC heap after
Heap after GC invocations=10 (full 1):
 PSYoungGen      total 130560K, used 5616K [0x00000000eb780000, 0x00000000f8700000, 0x0000000100000000)
  eden space 124928K, 0% used [0x00000000eb780000,0x00000000eb780000,0x00000000f3180000)
  from space 5632K, 99% used [0x00000000f3180000,0x00000000f36fc210,0x00000000f3700000)
  to   space 15872K, 0% used [0x00000000f7780000,0x00000000f7780000,0x00000000f8700000)
 ParOldGen       total 28672K, used 28640K [0x00000000c2600000, 0x00000000c4200000, 0x00000000eb780000)
  object space 28672K, 99% used [0x00000000c2600000,0x00000000c41f8288,0x00000000c4200000)
 Metaspace       used 25393K, capacity 25650K, committed 25984K, reserved 1073152K
  class space    used 2825K, capacity 2911K, committed 2944K, reserved 1048576K
}
Event: 4.766 GC heap before
{Heap before GC invocations=11 (full 2):
 PSYoungGen      total 130560K, used 5616K [0x00000000eb780000, 0x00000000f8700000, 0x0000000100000000)
  eden space 124928K, 0% used [0x00000000eb780000,0x00000000eb780000,0x00000000f3180000)
  from space 5632K, 99% used [0x00000000f3180000,0x00000000f36fc210,0x00000000f3700000)
  to   space 15872K, 0% used [0x00000000f7780000,0x00000000f7780000,0x00000000f8700000)
 ParOldGen       total 28672K, used 28640K [0x00000000c2600000, 0x00000000c4200000, 0x00000000eb780000)
  object space 28672K, 99% used [0x00000000c2600000,0x00000000c41f8288,0x00000000c4200000)
 Metaspace       used 25393K, capacity 25650K, committed 25984K, reserved 1073152K
  class space    used 2825K, capacity 2911K, committed 2944K, reserved 1048576K
Event: 5.136 GC heap after
Heap after GC invocations=11 (full 2):
 PSYoungGen      total 130560K, used 3235K [0x00000000eb780000, 0x00000000f8700000, 0x0000000100000000)
  eden space 124928K, 0% used [0x00000000eb780000,0x00000000eb780000,0x00000000f3180000)
  from space 5632K, 57% used [0x00000000f3180000,0x00000000f34a8c98,0x00000000f3700000)
  to   space 15872K, 0% used [0x00000000f7780000,0x00000000f7780000,0x00000000f8700000)
 ParOldGen       total 75776K, used 28443K [0x00000000c2600000, 0x00000000c7000000, 0x00000000eb780000)
  object space 75776K, 37% used [0x00000000c2600000,0x00000000c41c6dc8,0x00000000c7000000)
 Metaspace       used 25393K, capacity 25650K, committed 25984K, reserved 1073152K
  class space    used 2825K, capacity 2911K, committed 2944K, reserved 1048576K
}
Event: 5.433 GC heap before
{Heap before GC invocations=12 (full 2):
 PSYoungGen      total 130560K, used 128163K [0x00000000eb780000, 0x00000000f8700000, 0x0000000100000000)
  eden space 124928K, 100% used [0x00000000eb780000,0x00000000f3180000,0x00000000f3180000)
  from space 5632K, 57% used [0x00000000f3180000,0x00000000f34a8c98,0x00000000f3700000)
  to   space 15872K, 0% used [0x00000000f7780000,0x00000000f7780000,0x00000000f8700000)
 ParOldGen       total 75776K, used 28443K [0x00000000c2600000, 0x00000000c7000000, 0x00000000eb780000)
  object space 75776K, 37% used [0x00000000c2600000,0x00000000c41c6dc8,0x00000000c7000000)
 Metaspace       used 26702K, capacity 26994K, committed 27136K, reserved 1073152K
  class space    used 2954K, capacity 3039K, committed 3072K, reserved 1048576K
Event: 5.917 GC heap after
Heap after GC invocations=12 (full 2):
 PSYoungGen      total 170496K, used 4779K [0x00000000eb780000, 0x00000000f7c80000, 0x0000000100000000)
  eden space 165376K, 0% used [0x00000000eb780000,0x00000000eb780000,0x00000000f5900000)
  from space 5120K, 93% used [0x00000000f7780000,0x00000000f7c2aca0,0x00000000f7c80000)
  to   space 15360K, 0% used [0x00000000f5e80000,0x00000000f5e80000,0x00000000f6d80000)
 ParOldGen       total 281600K, used 233251K [0x00000000c2600000, 0x00000000d3900000, 0x00000000eb780000)
  object space 281600K, 82% used [0x00000000c2600000,0x00000000d09c8de8,0x00000000d3900000)
 Metaspace       used 26702K, capacity 26994K, committed 27136K, reserved 1073152K
  class space    used 2954K, capacity 3039K, committed 3072K, reserved 1048576K
}
Event: 6.048 GC heap before
{Heap before GC invocations=13 (full 3):
 PSYoungGen      total 170496K, used 4779K [0x00000000eb780000, 0x00000000f7c80000, 0x0000000100000000)
  eden space 165376K, 0% used [0x00000000eb780000,0x00000000eb780000,0x00000000f5900000)
  from space 5120K, 93% used [0x00000000f7780000,0x00000000f7c2aca0,0x00000000f7c80000)
  to   space 15360K, 0% used [0x00000000f5e80000,0x00000000f5e80000,0x00000000f6d80000)
 ParOldGen       total 281600K, used 233251K [0x00000000c2600000, 0x00000000d3900000, 0x00000000eb780000)
  object space 281600K, 82% used [0x00000000c2600000,0x00000000d09c8de8,0x00000000d3900000)
 Metaspace       used 26702K, capacity 26994K, committed 27136K, reserved 1073152K
  class space    used 2954K, capacity 3039K, committed 3072K, reserved 1048576K
Event: 6.479 GC heap after
Heap after GC invocations=13 (full 3):
 PSYoungGen      total 170496K, used 0K [0x00000000eb780000, 0x00000000f7c80000, 0x0000000100000000)
  eden space 165376K, 0% used [0x00000000eb780000,0x00000000eb780000,0x00000000f5900000)
  from space 5120K, 0% used [0x00000000f7780000,0x00000000f7780000,0x00000000f7c80000)
  to   space 15360K, 0% used [0x00000000f5e80000,0x00000000f5e80000,0x00000000f6d80000)
 ParOldGen       total 267264K, used 133586K [0x00000000c2600000, 0x00000000d2b00000, 0x00000000eb780000)
  object space 267264K, 49% used [0x00000000c2600000,0x00000000ca874bf8,0x00000000d2b00000)
 Metaspace       used 26702K, capacity 26994K, committed 27136K, reserved 1073152K
  class space    used 2954K, capacity 3039K, committed 3072K, reserved 1048576K
}
Event: 15.740 GC heap before
{Heap before GC invocations=14 (full 3):
 PSYoungGen      total 170496K, used 165376K [0x00000000eb780000, 0x00000000f7c80000, 0x0000000100000000)
  eden space 165376K, 100% used [0x00000000eb780000,0x00000000f5900000,0x00000000f5900000)
  from space 5120K, 0% used [0x00000000f7780000,0x00000000f7780000,0x00000000f7c80000)
  to   space 15360K, 0% used [0x00000000f5e80000,0x00000000f5e80000,0x00000000f6d80000)
 ParOldGen       total 267264K, used 133586K [0x00000000c2600000, 0x00000000d2b00000, 0x00000000eb780000)
  object space 267264K, 49% used [0x00000000c2600000,0x00000000ca874bf8,0x00000000d2b00000)
 Metaspace       used 26736K, capacity 26994K, committed 27136K, reserved 1073152K
  class space    used 2954K, capacity 3039K, committed 3072K, reserved 1048576K

