# JRE version: OpenJDK Runtime Environment (8.0_222-b10) (build 1.8.0_222-8u222-b10-1ubuntu1~18.04.1-b10)
# Java VM: OpenJDK 64-Bit Server VM (25.222-b10 mixed mode linux-amd64 compressed oops)
Heap:
 PSYoungGen      total 211968K, used 193792K [0x00000000eb780000, 0x00000000fc880000, 0x0000000100000000)
  eden space 193536K, 100% used [0x00000000eb780000,0x00000000f7480000,0x00000000f7480000)
  from space 18432K, 1% used [0x00000000f7480000,0x00000000f74c0000,0x00000000f8680000)
  to   space 17920K, 0% used [0x00000000fb700000,0x00000000fb728000,0x00000000fc880000)
 ParOldGen       total 302080K, used 236784K [0x00000000c2600000, 0x00000000d4d00000, 0x00000000eb780000)
  object space 302080K, 78% used [0x00000000c2600000,0x00000000d0d3c098,0x00000000d4d00000)
 Metaspace       used 27119K, capacity 27342K, committed 27648K, reserved 1073152K
  class space    used 2993K, capacity 3071K, committed 3072K, reserved 1048576K
GC Heap History (10 events):
Event: 4.251 GC heap after
Heap after GC invocations=11 (full 2):
 PSYoungGen      total 164352K, used 96K [0x00000000eb780000, 0x00000000f8e00000, 0x0000000100000000)
  eden space 163840K, 0% used [0x00000000eb780000,0x00000000eb780000,0x00000000f5780000)
  from space 512K, 18% used [0x00000000f6800000,0x00000000f6818000,0x00000000f6880000)
  to   space 19968K, 0% used [0x00000000f7a80000,0x00000000f7a80000,0x00000000f8e00000)
 ParOldGen       total 199168K, used 134368K [0x00000000c2600000, 0x00000000ce880000, 0x00000000eb780000)
  object space 199168K, 67% used [0x00000000c2600000,0x00000000ca938088,0x00000000ce880000)
 Metaspace       used 26672K, capacity 26926K, committed 27136K, reserved 1073152K
  class space    used 2950K, capacity 3039K, committed 3072K, reserved 1048576K
}
Event: 5.334 GC heap before
{Heap before GC invocations=12 (full 2):
 PSYoungGen      total 164352K, used 163936K [0x00000000eb780000, 0x00000000f8e00000, 0x0000000100000000)
  eden space 163840K, 100% used [0x00000000eb780000,0x00000000f5780000,0x00000000f5780000)
  from space 512K, 18% used [0x00000000f6800000,0x00000000f6818000,0x00000000f6880000)
  to   space 19968K, 0% used [0x00000000f7a80000,0x00000000f7a80000,0x00000000f8e00000)
 ParOldGen       total 199168K, used 134368K [0x00000000c2600000, 0x00000000ce880000, 0x00000000eb780000)
  object space 199168K, 67% used [0x00000000c2600000,0x00000000ca938088,0x00000000ce880000)
 Metaspace       used 26903K, capacity 27182K, committed 27392K, reserved 1073152K
  class space    used 2970K, capacity 3039K, committed 3072K, reserved 1048576K
Event: 5.337 GC heap after
Heap after GC invocations=12 (full 2):
 PSYoungGen      total 192512K, used 256K [0x00000000eb780000, 0x00000000f8a00000, 0x0000000100000000)
  eden space 176640K, 0% used [0x00000000eb780000,0x00000000eb780000,0x00000000f6400000)
  from space 15872K, 1% used [0x00000000f7a80000,0x00000000f7ac0000,0x00000000f8a00000)
  to   space 19456K, 0% used [0x00000000f6400000,0x00000000f6400000,0x00000000f7700000)
 ParOldGen       total 199168K, used 134368K [0x00000000c2600000, 0x00000000ce880000, 0x00000000eb780000)
  object space 199168K, 67% used [0x00000000c2600000,0x00000000ca938088,0x00000000ce880000)
 Metaspace       used 26903K, capacity 27182K, committed 27392K, reserved 1073152K
  class space    used 2970K, capacity 3039K, committed 3072K, reserved 1048576K
}
Event: 5.975 GC heap before
{Heap before GC invocations=13 (full 2):
 PSYoungGen      total 192512K, used 176896K [0x00000000eb780000, 0x00000000f8a00000, 0x0000000100000000)
  eden space 176640K, 100% used [0x00000000eb780000,0x00000000f6400000,0x00000000f6400000)
  from space 15872K, 1% used [0x00000000f7a80000,0x00000000f7ac0000,0x00000000f8a00000)
  to   space 19456K, 0% used [0x00000000f6400000,0x00000000f6400000,0x00000000f7700000)
 ParOldGen       total 302080K, used 236768K [0x00000000c2600000, 0x00000000d4d00000, 0x00000000eb780000)
  object space 302080K, 78% used [0x00000000c2600000,0x00000000d0d38098,0x00000000d4d00000)
 Metaspace       used 27090K, capacity 27342K, committed 27648K, reserved 1073152K
  class space    used 2991K, capacity 3071K, committed 3072K, reserved 1048576K
Event: 5.997 GC heap after
Heap after GC invocations=13 (full 2):
 PSYoungGen      total 196096K, used 384K [0x00000000eb780000, 0x00000000f9900000, 0x0000000100000000)
  eden space 176640K, 0% used [0x00000000eb780000,0x00000000eb780000,0x00000000f6400000)
  from space 19456K, 1% used [0x00000000f6400000,0x00000000f6460000,0x00000000f7700000)
  to   space 18944K, 0% used [0x00000000f8680000,0x00000000f8680000,0x00000000f9900000)
 ParOldGen       total 302080K, used 236768K [0x00000000c2600000, 0x00000000d4d00000, 0x00000000eb780000)
  object space 302080K, 78% used [0x00000000c2600000,0x00000000d0d38098,0x00000000d4d00000)
 Metaspace       used 27090K, capacity 27342K, committed 27648K, reserved 1073152K
  class space    used 2991K, capacity 3071K, committed 3072K, reserved 1048576K
}
Event: 6.170 GC heap before
{Heap before GC invocations=14 (full 2):
 PSYoungGen      total 196096K, used 177024K [0x00000000eb780000, 0x00000000f9900000, 0x0000000100000000)
  eden space 176640K, 100% used [0x00000000eb780000,0x00000000f6400000,0x00000000f6400000)
  from space 19456K, 1% used [0x00000000f6400000,0x00000000f6460000,0x00000000f7700000)
  to   space 18944K, 0% used [0x00000000f8680000,0x00000000f8680000,0x00000000f9900000)
 ParOldGen       total 302080K, used 236768K [0x00000000c2600000, 0x00000000d4d00000, 0x00000000eb780000)
  object space 302080K, 78% used [0x00000000c2600000,0x00000000d0d38098,0x00000000d4d00000)
 Metaspace       used 27091K, capacity 27342K, committed 27648K, reserved 1073152K
  class space    used 2991K, capacity 3071K, committed 3072K, reserved 1048576K
Event: 6.235 GC heap after
Heap after GC invocations=14 (full 2):
 PSYoungGen      total 212480K, used 192K [0x00000000eb780000, 0x00000000fb400000, 0x0000000100000000)
  eden space 193536K, 0% used [0x00000000eb780000,0x00000000eb780000,0x00000000f7480000)
  from space 18944K, 1% used [0x00000000f8680000,0x00000000f86b0000,0x00000000f9900000)
  to   space 18432K, 0% used [0x00000000f7480000,0x00000000f7480000,0x00000000f8680000)
 ParOldGen       total 302080K, used 236776K [0x00000000c2600000, 0x00000000d4d00000, 0x00000000eb780000)
  object space 302080K, 78% used [0x00000000c2600000,0x00000000d0d3a098,0x00000000d4d00000)
 Metaspace       used 27091K, capacity 27342K, committed 27648K, reserved 1073152K
  class space    used 2991K, capacity 3071K, committed 3072K, reserved 1048576K
}
Event: 7.316 GC heap before
{Heap before GC invocations=15 (full 2):
 PSYoungGen      total 212480K, used 193728K [0x00000000eb780000, 0x00000000fb400000, 0x0000000100000000)
  eden space 193536K, 100% used [0x00000000eb780000,0x00000000f7480000,0x00000000f7480000)
  from space 18944K, 1% used [0x00000000f8680000,0x00000000f86b0000,0x00000000f9900000)
  to   space 18432K, 0% used [0x00000000f7480000,0x00000000f7480000,0x00000000f8680000)
 ParOldGen       total 302080K, used 236776K [0x00000000c2600000, 0x00000000d4d00000, 0x00000000eb780000)
  object space 302080K, 78% used [0x00000000c2600000,0x00000000d0d3a098,0x00000000d4d00000)
 Metaspace       used 27093K, capacity 27342K, committed 27648K, reserved 1073152K
  class space    used 2991K, capacity 3071K, committed 3072K, reserved 1048576K
Event: 7.430 GC heap after
Heap after GC invocations=15 (full 2):
 PSYoungGen      total 211968K, used 256K [0x00000000eb780000, 0x00000000fc880000, 0x0000000100000000)
  eden space 193536K, 0% used [0x00000000eb780000,0x00000000eb780000,0x00000000f7480000)
  from space 18432K, 1% used [0x00000000f7480000,0x00000000f74c0000,0x00000000f8680000)
  to   space 17920K, 0% used [0x00000000fb700000,0x00000000fb700000,0x00000000fc880000)
 ParOldGen       total 302080K, used 236784K [0x00000000c2600000, 0x00000000d4d00000, 0x00000000eb780000)
  object space 302080K, 78% used [0x00000000c2600000,0x00000000d0d3c098,0x00000000d4d00000)
 Metaspace       used 27093K, capacity 27342K, committed 27648K, reserved 1073152K
  class space    used 2991K, capacity 3071K, committed 3072K, reserved 1048576K
}
Event: 7.806 GC heap before
{Heap before GC invocations=16 (full 2):
 PSYoungGen      total 211968K, used 193792K [0x00000000eb780000, 0x00000000fc880000, 0x0000000100000000)
  eden space 193536K, 100% used [0x00000000eb780000,0x00000000f7480000,0x00000000f7480000)
  from space 18432K, 1% used [0x00000000f7480000,0x00000000f74c0000,0x00000000f8680000)
  to   space 17920K, 0% used [0x00000000fb700000,0x00000000fb700000,0x00000000fc880000)
 ParOldGen       total 302080K, used 236784K [0x00000000c2600000, 0x00000000d4d00000, 0x00000000eb780000)
  object space 302080K, 78% used [0x00000000c2600000,0x00000000d0d3c098,0x00000000d4d00000)
 Metaspace       used 27119K, capacity 27342K, committed 27648K, reserved 1073152K
  class space    used 2993K, capacity 3071K, committed 3072K, reserved 1048576K

