# JRE version: OpenJDK Runtime Environment (8.0_222-b10) (build 1.8.0_222-8u222-b10-1ubuntu1~18.04.1-b10)
# Java VM: OpenJDK 64-Bit Server VM (25.222-b10 mixed mode linux-amd64 compressed oops)
Heap:
 PSYoungGen      total 173056K, used 172800K [0x00000000eb780000, 0x00000000f7c00000, 0x0000000100000000)
  eden space 169472K, 100% used [0x00000000eb780000,0x00000000f5d00000,0x00000000f5d00000)
  from space 3584K, 92% used [0x00000000f6280000,0x00000000f65c01a0,0x00000000f6600000)
  to   space 14848K, 21% used [0x00000000f6d80000,0x00000000f70a01a0,0x00000000f7c00000)
 ParOldGen       total 387584K, used 336048K [0x00000000c2600000, 0x00000000da080000, 0x00000000eb780000)
  object space 387584K, 86% used [0x00000000c2600000,0x00000000d6e2c1c8,0x00000000da080000)
 Metaspace       used 27088K, capacity 27346K, committed 27648K, reserved 1073152K
  class space    used 2996K, capacity 3071K, committed 3072K, reserved 1048576K
GC Heap History (10 events):
Event: 2.040 GC heap after
Heap after GC invocations=9 (full 1):
 PSYoungGen      total 131072K, used 0K [0x00000000eb780000, 0x00000000f3d80000, 0x0000000100000000)
  eden space 125952K, 0% used [0x00000000eb780000,0x00000000eb780000,0x00000000f3280000)
  from space 5120K, 0% used [0x00000000f3880000,0x00000000f3880000,0x00000000f3d80000)
  to   space 5632K, 0% used [0x00000000f3280000,0x00000000f3280000,0x00000000f3800000)
 ParOldGen       total 27648K, used 5406K [0x00000000c2600000, 0x00000000c4100000, 0x00000000eb780000)
  object space 27648K, 19% used [0x00000000c2600000,0x00000000c2b47b20,0x00000000c4100000)
 Metaspace       used 20903K, capacity 21098K, committed 21248K, reserved 1069056K
  class space    used 2372K, capacity 2451K, committed 2560K, reserved 1048576K
}
Event: 3.254 GC heap before
{Heap before GC invocations=10 (full 1):
 PSYoungGen      total 131072K, used 125952K [0x00000000eb780000, 0x00000000f3d80000, 0x0000000100000000)
  eden space 125952K, 100% used [0x00000000eb780000,0x00000000f3280000,0x00000000f3280000)
  from space 5120K, 0% used [0x00000000f3880000,0x00000000f3880000,0x00000000f3d80000)
  to   space 5632K, 0% used [0x00000000f3280000,0x00000000f3280000,0x00000000f3800000)
 ParOldGen       total 130560K, used 107806K [0x00000000c2600000, 0x00000000ca580000, 0x00000000eb780000)
  object space 130560K, 82% used [0x00000000c2600000,0x00000000c8f47b30,0x00000000ca580000)
 Metaspace       used 25444K, capacity 25746K, committed 25984K, reserved 1073152K
  class space    used 2842K, capacity 2943K, committed 2944K, reserved 1048576K
Event: 3.357 GC heap after
Heap after GC invocations=10 (full 1):
 PSYoungGen      total 131584K, used 5600K [0x00000000eb780000, 0x00000000f8b00000, 0x0000000100000000)
  eden space 125952K, 0% used [0x00000000eb780000,0x00000000eb780000,0x00000000f3280000)
  from space 5632K, 99% used [0x00000000f3280000,0x00000000f37f82e0,0x00000000f3800000)
  to   space 15872K, 0% used [0x00000000f7b80000,0x00000000f7b80000,0x00000000f8b00000)
 ParOldGen       total 131584K, used 131239K [0x00000000c2600000, 0x00000000ca680000, 0x00000000eb780000)
  object space 131584K, 99% used [0x00000000c2600000,0x00000000ca629f20,0x00000000ca680000)
 Metaspace       used 25444K, capacity 25746K, committed 25984K, reserved 1073152K
  class space    used 2842K, capacity 2943K, committed 2944K, reserved 1048576K
}
Event: 3.357 GC heap before
{Heap before GC invocations=11 (full 2):
 PSYoungGen      total 131584K, used 5600K [0x00000000eb780000, 0x00000000f8b00000, 0x0000000100000000)
  eden space 125952K, 0% used [0x00000000eb780000,0x00000000eb780000,0x00000000f3280000)
  from space 5632K, 99% used [0x00000000f3280000,0x00000000f37f82e0,0x00000000f3800000)
  to   space 15872K, 0% used [0x00000000f7b80000,0x00000000f7b80000,0x00000000f8b00000)
 ParOldGen       total 131584K, used 131239K [0x00000000c2600000, 0x00000000ca680000, 0x00000000eb780000)
  object space 131584K, 99% used [0x00000000c2600000,0x00000000ca629f20,0x00000000ca680000)
 Metaspace       used 25444K, capacity 25746K, committed 25984K, reserved 1073152K
  class space    used 2842K, capacity 2943K, committed 2944K, reserved 1048576K
Event: 3.690 GC heap after
Heap after GC invocations=11 (full 2):
 PSYoungGen      total 131584K, used 2912K [0x00000000eb780000, 0x00000000f8b00000, 0x0000000100000000)
  eden space 125952K, 0% used [0x00000000eb780000,0x00000000eb780000,0x00000000f3280000)
  from space 5632K, 51% used [0x00000000f3280000,0x00000000f3558130,0x00000000f3800000)
  to   space 15872K, 0% used [0x00000000f7b80000,0x00000000f7b80000,0x00000000f8b00000)
 ParOldGen       total 181760K, used 131232K [0x00000000c2600000, 0x00000000cd780000, 0x00000000eb780000)
  object space 181760K, 72% used [0x00000000c2600000,0x00000000ca6281a8,0x00000000cd780000)
 Metaspace       used 25444K, capacity 25746K, committed 25984K, reserved 1073152K
  class space    used 2842K, capacity 2943K, committed 2944K, reserved 1048576K
}
Event: 4.848 GC heap before
{Heap before GC invocations=12 (full 2):
 PSYoungGen      total 131584K, used 128864K [0x00000000eb780000, 0x00000000f8b00000, 0x0000000100000000)
  eden space 125952K, 100% used [0x00000000eb780000,0x00000000f3280000,0x00000000f3280000)
  from space 5632K, 51% used [0x00000000f3280000,0x00000000f3558130,0x00000000f3800000)
  to   space 15872K, 0% used [0x00000000f7b80000,0x00000000f7b80000,0x00000000f8b00000)
 ParOldGen       total 284672K, used 233632K [0x00000000c2600000, 0x00000000d3c00000, 0x00000000eb780000)
  object space 284672K, 82% used [0x00000000c2600000,0x00000000d0a281b8,0x00000000d3c00000)
 Metaspace       used 27049K, capacity 27282K, committed 27392K, reserved 1073152K
  class space    used 2996K, capacity 3071K, committed 3072K, reserved 1048576K
Event: 4.861 GC heap after
Heap after GC invocations=12 (full 2):
 PSYoungGen      total 152576K, used 4644K [0x00000000eb780000, 0x00000000f8080000, 0x0000000100000000)
  eden space 147456K, 0% used [0x00000000eb780000,0x00000000eb780000,0x00000000f4780000)
  from space 5120K, 90% used [0x00000000f7b80000,0x00000000f80092f8,0x00000000f8080000)
  to   space 15360K, 0% used [0x00000000f6280000,0x00000000f6280000,0x00000000f7180000)
 ParOldGen       total 284672K, used 233632K [0x00000000c2600000, 0x00000000d3c00000, 0x00000000eb780000)
  object space 284672K, 82% used [0x00000000c2600000,0x00000000d0a281b8,0x00000000d3c00000)
 Metaspace       used 27049K, capacity 27282K, committed 27392K, reserved 1073152K
  class space    used 2996K, capacity 3071K, committed 3072K, reserved 1048576K
}
Event: 5.664 GC heap before
{Heap before GC invocations=13 (full 2):
 PSYoungGen      total 152576K, used 152100K [0x00000000eb780000, 0x00000000f8080000, 0x0000000100000000)
  eden space 147456K, 100% used [0x00000000eb780000,0x00000000f4780000,0x00000000f4780000)
  from space 5120K, 90% used [0x00000000f7b80000,0x00000000f80092f8,0x00000000f8080000)
  to   space 15360K, 0% used [0x00000000f6280000,0x00000000f6280000,0x00000000f7180000)
 ParOldGen       total 387584K, used 336032K [0x00000000c2600000, 0x00000000da080000, 0x00000000eb780000)
  object space 387584K, 86% used [0x00000000c2600000,0x00000000d6e281c8,0x00000000da080000)
 Metaspace       used 27064K, capacity 27282K, committed 27392K, reserved 1073152K
  class space    used 2996K, capacity 3071K, committed 3072K, reserved 1048576K
Event: 5.678 GC heap after
Heap after GC invocations=13 (full 2):
 PSYoungGen      total 173056K, used 3328K [0x00000000eb780000, 0x00000000f7c00000, 0x0000000100000000)
  eden space 169472K, 0% used [0x00000000eb780000,0x00000000eb780000,0x00000000f5d00000)
  from space 3584K, 92% used [0x00000000f6280000,0x00000000f65c01a0,0x00000000f6600000)
  to   space 14848K, 0% used [0x00000000f6d80000,0x00000000f6d80000,0x00000000f7c00000)
 ParOldGen       total 387584K, used 336040K [0x00000000c2600000, 0x00000000da080000, 0x00000000eb780000)
  object space 387584K, 86% used [0x00000000c2600000,0x00000000d6e2a1c8,0x00000000da080000)
 Metaspace       used 27064K, capacity 27282K, committed 27392K, reserved 1073152K
  class space    used 2996K, capacity 3071K, committed 3072K, reserved 1048576K
}
Event: 6.139 GC heap before
{Heap before GC invocations=14 (full 2):
 PSYoungGen      total 173056K, used 172800K [0x00000000eb780000, 0x00000000f7c00000, 0x0000000100000000)
  eden space 169472K, 100% used [0x00000000eb780000,0x00000000f5d00000,0x00000000f5d00000)
  from space 3584K, 92% used [0x00000000f6280000,0x00000000f65c01a0,0x00000000f6600000)
  to   space 14848K, 0% used [0x00000000f6d80000,0x00000000f6d80000,0x00000000f7c00000)
 ParOldGen       total 387584K, used 336040K [0x00000000c2600000, 0x00000000da080000, 0x00000000eb780000)
  object space 387584K, 86% used [0x00000000c2600000,0x00000000d6e2a1c8,0x00000000da080000)
 Metaspace       used 27088K, capacity 27346K, committed 27648K, reserved 1073152K
  class space    used 2996K, capacity 3071K, committed 3072K, reserved 1048576K

