# JRE version: OpenJDK Runtime Environment (8.0_222-b10) (build 1.8.0_222-8u222-b10-1ubuntu1~18.04.1-b10)
# Java VM: OpenJDK 64-Bit Server VM (25.222-b10 mixed mode linux-amd64 compressed oops)
Heap:
 PSYoungGen      total 212480K, used 158381K [0x00000000eb780000, 0x00000000fb280000, 0x0000000100000000)
  eden space 192000K, 82% used [0x00000000eb780000,0x00000000f5223540,0x00000000f7300000)
  from space 20480K, 0% used [0x00000000f7300000,0x00000000f7308000,0x00000000f8700000)
  to   space 20480K, 0% used [0x00000000f9e80000,0x00000000f9e80000,0x00000000fb280000)
 ParOldGen       total 189440K, used 135306K [0x00000000c2600000, 0x00000000cdf00000, 0x00000000eb780000)
  object space 189440K, 71% used [0x00000000c2600000,0x00000000caa22928,0x00000000cdf00000)
 Metaspace       used 27095K, capacity 27346K, committed 27648K, reserved 1073152K
  class space    used 2998K, capacity 3071K, committed 3072K, reserved 1048576K
GC Heap History (10 events):
Event: 2.719 GC heap before
{Heap before GC invocations=7 (full 1):
 PSYoungGen      total 132608K, used 6441K [0x00000000eb780000, 0x00000000f4280000, 0x0000000100000000)
  eden space 125952K, 0% used [0x00000000eb780000,0x00000000eb780000,0x00000000f3280000)
  from space 6656K, 96% used [0x00000000f3a00000,0x00000000f404a6c0,0x00000000f4080000)
  to   space 7680K, 0% used [0x00000000f3280000,0x00000000f3280000,0x00000000f3a00000)
 ParOldGen       total 42496K, used 7570K [0x00000000c2600000, 0x00000000c4f80000, 0x00000000eb780000)
  object space 42496K, 17% used [0x00000000c2600000,0x00000000c2d64b08,0x00000000c4f80000)
 Metaspace       used 20900K, capacity 21098K, committed 21248K, reserved 1069056K
  class space    used 2373K, capacity 2451K, committed 2560K, reserved 1048576K
Event: 2.768 GC heap after
Heap after GC invocations=7 (full 1):
 PSYoungGen      total 132608K, used 0K [0x00000000eb780000, 0x00000000f4280000, 0x0000000100000000)
  eden space 125952K, 0% used [0x00000000eb780000,0x00000000eb780000,0x00000000f3280000)
  from space 6656K, 0% used [0x00000000f3a00000,0x00000000f3a00000,0x00000000f4080000)
  to   space 7680K, 0% used [0x00000000f3280000,0x00000000f3280000,0x00000000f3a00000)
 ParOldGen       total 32768K, used 6832K [0x00000000c2600000, 0x00000000c4600000, 0x00000000eb780000)
  object space 32768K, 20% used [0x00000000c2600000,0x00000000c2cac230,0x00000000c4600000)
 Metaspace       used 20900K, capacity 21098K, committed 21248K, reserved 1069056K
  class space    used 2373K, capacity 2451K, committed 2560K, reserved 1048576K
}
Event: 5.264 GC heap before
{Heap before GC invocations=8 (full 1):
 PSYoungGen      total 132608K, used 125952K [0x00000000eb780000, 0x00000000f4280000, 0x0000000100000000)
  eden space 125952K, 100% used [0x00000000eb780000,0x00000000f3280000,0x00000000f3280000)
  from space 6656K, 0% used [0x00000000f3a00000,0x00000000f3a00000,0x00000000f4080000)
  to   space 7680K, 0% used [0x00000000f3280000,0x00000000f3280000,0x00000000f3a00000)
 ParOldGen       total 135680K, used 109232K [0x00000000c2600000, 0x00000000caa80000, 0x00000000eb780000)
  object space 135680K, 80% used [0x00000000c2600000,0x00000000c90ac240,0x00000000caa80000)
 Metaspace       used 26679K, capacity 26930K, committed 27136K, reserved 1073152K
  class space    used 2955K, capacity 3039K, committed 3072K, reserved 1048576K
Event: 5.403 GC heap after
Heap after GC invocations=8 (full 1):
 PSYoungGen      total 133632K, used 7664K [0x00000000eb780000, 0x00000000fae80000, 0x0000000100000000)
  eden space 125952K, 0% used [0x00000000eb780000,0x00000000eb780000,0x00000000f3280000)
  from space 7680K, 99% used [0x00000000f3280000,0x00000000f39fc3f0,0x00000000f3a00000)
  to   space 20480K, 0% used [0x00000000f9a80000,0x00000000f9a80000,0x00000000fae80000)
 ParOldGen       total 135680K, used 132207K [0x00000000c2600000, 0x00000000caa80000, 0x00000000eb780000)
  object space 135680K, 97% used [0x00000000c2600000,0x00000000ca71bee8,0x00000000caa80000)
 Metaspace       used 26679K, capacity 26930K, committed 27136K, reserved 1073152K
  class space    used 2955K, capacity 3039K, committed 3072K, reserved 1048576K
}
Event: 5.403 GC heap before
{Heap before GC invocations=9 (full 2):
 PSYoungGen      total 133632K, used 7664K [0x00000000eb780000, 0x00000000fae80000, 0x0000000100000000)
  eden space 125952K, 0% used [0x00000000eb780000,0x00000000eb780000,0x00000000f3280000)
  from space 7680K, 99% used [0x00000000f3280000,0x00000000f39fc3f0,0x00000000f3a00000)
  to   space 20480K, 0% used [0x00000000f9a80000,0x00000000f9a80000,0x00000000fae80000)
 ParOldGen       total 135680K, used 132207K [0x00000000c2600000, 0x00000000caa80000, 0x00000000eb780000)
  object space 135680K, 97% used [0x00000000c2600000,0x00000000ca71bee8,0x00000000caa80000)
 Metaspace       used 26679K, capacity 26930K, committed 27136K, reserved 1073152K
  class space    used 2955K, capacity 3039K, committed 3072K, reserved 1048576K
Event: 5.593 GC heap after
Heap after GC invocations=9 (full 2):
 PSYoungGen      total 133632K, used 0K [0x00000000eb780000, 0x00000000fae80000, 0x0000000100000000)
  eden space 125952K, 0% used [0x00000000eb780000,0x00000000eb780000,0x00000000f3280000)
  from space 7680K, 0% used [0x00000000f3280000,0x00000000f3280000,0x00000000f3a00000)
  to   space 20480K, 0% used [0x00000000f9a80000,0x00000000f9a80000,0x00000000fae80000)
 ParOldGen       total 189440K, used 135290K [0x00000000c2600000, 0x00000000cdf00000, 0x00000000eb780000)
  object space 189440K, 71% used [0x00000000c2600000,0x00000000caa1e928,0x00000000cdf00000)
 Metaspace       used 26679K, capacity 26930K, committed 27136K, reserved 1073152K
  class space    used 2955K, capacity 3039K, committed 3072K, reserved 1048576K
}
Event: 5.961 GC heap before
{Heap before GC invocations=10 (full 2):
 PSYoungGen      total 133632K, used 125952K [0x00000000eb780000, 0x00000000fae80000, 0x0000000100000000)
  eden space 125952K, 100% used [0x00000000eb780000,0x00000000f3280000,0x00000000f3280000)
  from space 7680K, 0% used [0x00000000f3280000,0x00000000f3280000,0x00000000f3a00000)
  to   space 20480K, 0% used [0x00000000f9a80000,0x00000000f9a80000,0x00000000fae80000)
 ParOldGen       total 189440K, used 135290K [0x00000000c2600000, 0x00000000cdf00000, 0x00000000eb780000)
  object space 189440K, 71% used [0x00000000c2600000,0x00000000caa1e928,0x00000000cdf00000)
 Metaspace       used 26712K, capacity 26930K, committed 27136K, reserved 1073152K
  class space    used 2955K, capacity 3039K, committed 3072K, reserved 1048576K
Event: 5.963 GC heap after
Heap after GC invocations=10 (full 2):
 PSYoungGen      total 178176K, used 32K [0x00000000eb780000, 0x00000000f9b00000, 0x0000000100000000)
  eden space 177664K, 0% used [0x00000000eb780000,0x00000000eb780000,0x00000000f6500000)
  from space 512K, 6% used [0x00000000f9a80000,0x00000000f9a88000,0x00000000f9b00000)
  to   space 20480K, 0% used [0x00000000f7300000,0x00000000f7300000,0x00000000f8700000)
 ParOldGen       total 189440K, used 135298K [0x00000000c2600000, 0x00000000cdf00000, 0x00000000eb780000)
  object space 189440K, 71% used [0x00000000c2600000,0x00000000caa20928,0x00000000cdf00000)
 Metaspace       used 26712K, capacity 26930K, committed 27136K, reserved 1073152K
  class space    used 2955K, capacity 3039K, committed 3072K, reserved 1048576K
}
Event: 6.293 GC heap before
{Heap before GC invocations=11 (full 2):
 PSYoungGen      total 178176K, used 177696K [0x00000000eb780000, 0x00000000f9b00000, 0x0000000100000000)
  eden space 177664K, 100% used [0x00000000eb780000,0x00000000f6500000,0x00000000f6500000)
  from space 512K, 6% used [0x00000000f9a80000,0x00000000f9a88000,0x00000000f9b00000)
  to   space 20480K, 0% used [0x00000000f7300000,0x00000000f7300000,0x00000000f8700000)
 ParOldGen       total 189440K, used 135298K [0x00000000c2600000, 0x00000000cdf00000, 0x00000000eb780000)
  object space 189440K, 71% used [0x00000000c2600000,0x00000000caa20928,0x00000000cdf00000)
 Metaspace       used 26715K, capacity 26930K, committed 27136K, reserved 1073152K
  class space    used 2955K, capacity 3039K, committed 3072K, reserved 1048576K
Event: 6.295 GC heap after
Heap after GC invocations=11 (full 2):
 PSYoungGen      total 212480K, used 32K [0x00000000eb780000, 0x00000000fb280000, 0x0000000100000000)
  eden space 192000K, 0% used [0x00000000eb780000,0x00000000eb780000,0x00000000f7300000)
  from space 20480K, 0% used [0x00000000f7300000,0x00000000f7308000,0x00000000f8700000)
  to   space 20480K, 0% used [0x00000000f9e80000,0x00000000f9e80000,0x00000000fb280000)
 ParOldGen       total 189440K, used 135306K [0x00000000c2600000, 0x00000000cdf00000, 0x00000000eb780000)
  object space 189440K, 71% used [0x00000000c2600000,0x00000000caa22928,0x00000000cdf00000)
 Metaspace       used 26715K, capacity 26930K, committed 27136K, reserved 1073152K
  class space    used 2955K, capacity 3039K, committed 3072K, reserved 1048576K
}

