# JRE version: OpenJDK Runtime Environment (8.0_222-b10) (build 1.8.0_222-8u222-b10-1ubuntu1~18.04.1-b10)
# Java VM: OpenJDK 64-Bit Server VM (25.222-b10 mixed mode linux-amd64 compressed oops)
Heap:
 PSYoungGen      total 190464K, used 177696K [0x00000000eb780000, 0x00000000f9080000, 0x0000000100000000)
  eden space 175104K, 100% used [0x00000000eb780000,0x00000000f6280000,0x00000000f6280000)
  from space 15360K, 16% used [0x00000000f7180000,0x00000000f7408120,0x00000000f8080000)
  to   space 15360K, 17% used [0x00000000f6280000,0x00000000f6514130,0x00000000f7180000)
 ParOldGen       total 184320K, used 132606K [0x00000000c2600000, 0x00000000cda00000, 0x00000000eb780000)
  object space 184320K, 71% used [0x00000000c2600000,0x00000000ca77fb28,0x00000000cda00000)
 Metaspace       used 27095K, capacity 27346K, committed 27648K, reserved 1073152K
  class space    used 2997K, capacity 3071K, committed 3072K, reserved 1048576K
GC Heap History (10 events):
Event: 4.687 GC heap after
Heap after GC invocations=10 (full 1):
 PSYoungGen      total 131584K, used 5616K [0x00000000eb780000, 0x00000000f9000000, 0x0000000100000000)
  eden space 125952K, 0% used [0x00000000eb780000,0x00000000eb780000,0x00000000f3280000)
  from space 5632K, 99% used [0x00000000f3280000,0x00000000f37fc1f0,0x00000000f3800000)
  to   space 16384K, 0% used [0x00000000f8000000,0x00000000f8000000,0x00000000f9000000)
 ParOldGen       total 132608K, used 132139K [0x00000000c2600000, 0x00000000ca780000, 0x00000000eb780000)
  object space 132608K, 99% used [0x00000000c2600000,0x00000000ca70ae58,0x00000000ca780000)
 Metaspace       used 26347K, capacity 26578K, committed 26880K, reserved 1073152K
  class space    used 2928K, capacity 3007K, committed 3072K, reserved 1048576K
}
Event: 4.688 GC heap before
{Heap before GC invocations=11 (full 2):
 PSYoungGen      total 131584K, used 5616K [0x00000000eb780000, 0x00000000f9000000, 0x0000000100000000)
  eden space 125952K, 0% used [0x00000000eb780000,0x00000000eb780000,0x00000000f3280000)
  from space 5632K, 99% used [0x00000000f3280000,0x00000000f37fc1f0,0x00000000f3800000)
  to   space 16384K, 0% used [0x00000000f8000000,0x00000000f8000000,0x00000000f9000000)
 ParOldGen       total 132608K, used 132139K [0x00000000c2600000, 0x00000000ca780000, 0x00000000eb780000)
  object space 132608K, 99% used [0x00000000c2600000,0x00000000ca70ae58,0x00000000ca780000)
 Metaspace       used 26347K, capacity 26578K, committed 26880K, reserved 1073152K
  class space    used 2928K, capacity 3007K, committed 3072K, reserved 1048576K
Event: 5.115 GC heap after
Heap after GC invocations=11 (full 2):
 PSYoungGen      total 131584K, used 2448K [0x00000000eb780000, 0x00000000f9000000, 0x0000000100000000)
  eden space 125952K, 0% used [0x00000000eb780000,0x00000000eb780000,0x00000000f3280000)
  from space 5632K, 43% used [0x00000000f3280000,0x00000000f34e43b0,0x00000000f3800000)
  to   space 16384K, 0% used [0x00000000f8000000,0x00000000f8000000,0x00000000f9000000)
 ParOldGen       total 184320K, used 132590K [0x00000000c2600000, 0x00000000cda00000, 0x00000000eb780000)
  object space 184320K, 71% used [0x00000000c2600000,0x00000000ca77bb28,0x00000000cda00000)
 Metaspace       used 26347K, capacity 26578K, committed 26880K, reserved 1073152K
  class space    used 2928K, capacity 3007K, committed 3072K, reserved 1048576K
}
Event: 5.523 GC heap before
{Heap before GC invocations=12 (full 2):
 PSYoungGen      total 131584K, used 128400K [0x00000000eb780000, 0x00000000f9000000, 0x0000000100000000)
  eden space 125952K, 100% used [0x00000000eb780000,0x00000000f3280000,0x00000000f3280000)
  from space 5632K, 43% used [0x00000000f3280000,0x00000000f34e43b0,0x00000000f3800000)
  to   space 16384K, 0% used [0x00000000f8000000,0x00000000f8000000,0x00000000f9000000)
 ParOldGen       total 184320K, used 132590K [0x00000000c2600000, 0x00000000cda00000, 0x00000000eb780000)
  object space 184320K, 71% used [0x00000000c2600000,0x00000000ca77bb28,0x00000000cda00000)
 Metaspace       used 26694K, capacity 26930K, committed 27136K, reserved 1073152K
  class space    used 2955K, capacity 3039K, committed 3072K, reserved 1048576K
Event: 5.532 GC heap after
Heap after GC invocations=12 (full 2):
 PSYoungGen      total 146944K, used 2840K [0x00000000eb780000, 0x00000000f8300000, 0x0000000100000000)
  eden space 143872K, 0% used [0x00000000eb780000,0x00000000eb780000,0x00000000f4400000)
  from space 3072K, 92% used [0x00000000f8000000,0x00000000f82c6210,0x00000000f8300000)
  to   space 15872K, 0% used [0x00000000f6400000,0x00000000f6400000,0x00000000f7380000)
 ParOldGen       total 184320K, used 132598K [0x00000000c2600000, 0x00000000cda00000, 0x00000000eb780000)
  object space 184320K, 71% used [0x00000000c2600000,0x00000000ca77db28,0x00000000cda00000)
 Metaspace       used 26694K, capacity 26930K, committed 27136K, reserved 1073152K
  class space    used 2955K, capacity 3039K, committed 3072K, reserved 1048576K
}
Event: 5.664 GC heap before
{Heap before GC invocations=13 (full 2):
 PSYoungGen      total 146944K, used 146712K [0x00000000eb780000, 0x00000000f8300000, 0x0000000100000000)
  eden space 143872K, 100% used [0x00000000eb780000,0x00000000f4400000,0x00000000f4400000)
  from space 3072K, 92% used [0x00000000f8000000,0x00000000f82c6210,0x00000000f8300000)
  to   space 15872K, 0% used [0x00000000f6400000,0x00000000f6400000,0x00000000f7380000)
 ParOldGen       total 184320K, used 132598K [0x00000000c2600000, 0x00000000cda00000, 0x00000000eb780000)
  object space 184320K, 71% used [0x00000000c2600000,0x00000000ca77db28,0x00000000cda00000)
 Metaspace       used 26702K, capacity 26930K, committed 27136K, reserved 1073152K
  class space    used 2955K, capacity 3039K, committed 3072K, reserved 1048576K
Event: 5.672 GC heap after
Heap after GC invocations=13 (full 2):
 PSYoungGen      total 168448K, used 2592K [0x00000000eb780000, 0x00000000f8080000, 0x0000000100000000)
  eden space 165376K, 0% used [0x00000000eb780000,0x00000000eb780000,0x00000000f5900000)
  from space 3072K, 84% used [0x00000000f6400000,0x00000000f6688120,0x00000000f6700000)
  to   space 15360K, 0% used [0x00000000f7180000,0x00000000f7180000,0x00000000f8080000)
 ParOldGen       total 184320K, used 132606K [0x00000000c2600000, 0x00000000cda00000, 0x00000000eb780000)
  object space 184320K, 71% used [0x00000000c2600000,0x00000000ca77fb28,0x00000000cda00000)
 Metaspace       used 26702K, capacity 26930K, committed 27136K, reserved 1073152K
  class space    used 2955K, capacity 3039K, committed 3072K, reserved 1048576K
}
Event: 5.804 GC heap before
{Heap before GC invocations=14 (full 2):
 PSYoungGen      total 168448K, used 167968K [0x00000000eb780000, 0x00000000f8080000, 0x0000000100000000)
  eden space 165376K, 100% used [0x00000000eb780000,0x00000000f5900000,0x00000000f5900000)
  from space 3072K, 84% used [0x00000000f6400000,0x00000000f6688120,0x00000000f6700000)
  to   space 15360K, 0% used [0x00000000f7180000,0x00000000f7180000,0x00000000f8080000)
 ParOldGen       total 184320K, used 132606K [0x00000000c2600000, 0x00000000cda00000, 0x00000000eb780000)
  object space 184320K, 71% used [0x00000000c2600000,0x00000000ca77fb28,0x00000000cda00000)
 Metaspace       used 26718K, capacity 26930K, committed 27136K, reserved 1073152K
  class space    used 2955K, capacity 3039K, committed 3072K, reserved 1048576K
Event: 5.812 GC heap after
Heap after GC invocations=14 (full 2):
 PSYoungGen      total 190464K, used 2592K [0x00000000eb780000, 0x00000000f9080000, 0x0000000100000000)
  eden space 175104K, 0% used [0x00000000eb780000,0x00000000eb780000,0x00000000f6280000)
  from space 15360K, 16% used [0x00000000f7180000,0x00000000f7408120,0x00000000f8080000)
  to   space 15360K, 0% used [0x00000000f6280000,0x00000000f6280000,0x00000000f7180000)
 ParOldGen       total 184320K, used 132606K [0x00000000c2600000, 0x00000000cda00000, 0x00000000eb780000)
  object space 184320K, 71% used [0x00000000c2600000,0x00000000ca77fb28,0x00000000cda00000)
 Metaspace       used 26718K, capacity 26930K, committed 27136K, reserved 1073152K
  class space    used 2955K, capacity 3039K, committed 3072K, reserved 1048576K
}
Event: 6.585 GC heap before
{Heap before GC invocations=15 (full 2):
 PSYoungGen      total 190464K, used 177696K [0x00000000eb780000, 0x00000000f9080000, 0x0000000100000000)
  eden space 175104K, 100% used [0x00000000eb780000,0x00000000f6280000,0x00000000f6280000)
  from space 15360K, 16% used [0x00000000f7180000,0x00000000f7408120,0x00000000f8080000)
  to   space 15360K, 0% used [0x00000000f6280000,0x00000000f6280000,0x00000000f7180000)
 ParOldGen       total 184320K, used 132606K [0x00000000c2600000, 0x00000000cda00000, 0x00000000eb780000)
  object space 184320K, 71% used [0x00000000c2600000,0x00000000ca77fb28,0x00000000cda00000)
 Metaspace       used 27095K, capacity 27346K, committed 27648K, reserved 1073152K
  class space    used 2997K, capacity 3071K, committed 3072K, reserved 1048576K

